2025-05-21 13:42:30,579 - INFO - Starting Amazon Review Extractor
2025-05-21 13:42:30,579 - INFO - Setting up WebDriver...
2025-05-21 13:42:30,579 - INFO - Python architecture: 64bit, System architecture: 64bit
2025-05-21 13:42:30,579 - INFO - Ensuring 64-bit ChromeDriver for 64-bit system...
2025-05-21 13:42:33,897 - INFO - WebDriver setup completed successfully
2025-05-21 13:42:33,898 - INFO - Generated reviews URL: https://www.amazon.in/product-reviews/B0DGJH94KM
2025-05-21 13:42:33,898 - INFO - Attempt 1/5: Navigating to product reviews page URL: https://www.amazon.in/product-reviews/B0DGJH94KM
2025-05-21 13:43:19,389 - INFO - Successfully verified reviews page using selector: #cm_cr-review_list
2025-05-21 13:43:19,389 - INFO - Extracting reviews from page 1
2025-05-21 13:43:19,457 - INFO - Found 10 reviews using selector: .review
2025-05-21 13:43:19,457 - INFO - Found 10 reviews on current page
2025-05-21 13:43:19,732 - INFO - Extracted review: Excellent
2025-05-21 13:43:19,904 - INFO - Extracted review: Good product
2025-05-21 13:43:20,054 - INFO - Extracted review: Everything
2025-05-21 13:43:20,204 - INFO - Extracted review: Buy Only if Coming from iPhone 13 or earlier
2025-05-21 13:43:20,338 - INFO - Extracted review: Smooth purchase, minor hiccups with the trade in.
2025-05-21 13:43:20,477 - INFO - Extracted review: Great phone but poor customer service of seller
2025-05-21 13:43:20,637 - INFO - Extracted review: A Sleek Upgrade Experience
2025-05-21 13:43:20,803 - INFO - Extracted review: Best iPhone with pro camera button
2025-05-21 13:43:20,948 - INFO - Extracted review: Amazing
2025-05-21 13:43:21,053 - INFO - Extracted review: Ncy
2025-05-21 13:43:21,053 - INFO - Extracted 10 reviews from page 1, 0 duplicates removed. Total unique reviews: 10
2025-05-21 13:43:21,220 - INFO - Saved screenshot to reviews/reviews_page_1_20250521_134321.png
2025-05-21 13:43:21,220 - INFO - Reached maximum page limit (1)
2025-05-21 13:43:21,220 - INFO - Total unique reviews extracted: 10
2025-05-21 13:43:22,619 - ERROR - Error analyzing sentiment for batch: Expecting value: line 1 column 1 (char 0)
2025-05-21 13:43:22,619 - INFO - Sentiment analysis: {'positive': 2, 'negative': 0, 'neutral': 8}
2025-05-21 13:43:25,601 - INFO - Reviews saved to: reviews\amazon_reviews_B0DGJH94KM_20250521_134325.json with sentiment analysis: {'positive': 2, 'negative': 0, 'neutral': 8}
2025-05-21 13:43:25,617 - INFO - Updated reviews\amazon_reviews_B0DGJH94KM_20250521_134325.json with summary
2025-05-21 13:43:25,617 - INFO - Reviews saved to: reviews\amazon_reviews_B0DGJH94KM_20250521_134325.json
2025-05-21 13:43:27,776 - INFO - WebDriver closed successfully
