2025-05-21 13:57:14,671 - INFO - Starting Amazon Review Extractor
2025-05-21 13:57:14,671 - INFO - Setting up WebDriver...
2025-05-21 13:57:14,671 - INFO - Python architecture: 64bit, System architecture: 64bit
2025-05-21 13:57:14,671 - INFO - Ensuring 64-bit ChromeDriver for 64-bit system...
2025-05-21 13:57:17,518 - INFO - WebDriver setup completed successfully
2025-05-21 13:57:17,518 - INFO - Generated reviews URL: https://www.amazon.in/product-reviews/B0DGHZWBYB
2025-05-21 13:57:17,519 - INFO - Attempt 1/5: Navigating to product reviews page URL: https://www.amazon.in/product-reviews/B0DGHZWBYB
2025-05-21 13:58:03,727 - INFO - Successfully verified reviews page using selector: #cm_cr-review_list
2025-05-21 13:58:03,727 - INFO - Extracting reviews from page 1
2025-05-21 13:58:03,794 - INFO - Found 10 reviews using selector: .review
2025-05-21 13:58:03,794 - INFO - Found 10 reviews on current page
2025-05-21 13:58:04,077 - INFO - Extracted review: Lightweight and high quality
2025-05-21 13:58:04,244 - INFO - Extracted review: Recent iPhone 16 review...!! Good buy
2025-05-21 13:58:04,394 - INFO - Extracted review: Good Phone
2025-05-21 13:58:04,543 - INFO - Extracted review: Best iPhone so far.
2025-05-21 13:58:04,692 - INFO - Extracted review: Good
2025-05-21 13:58:04,859 - INFO - Extracted review: Poor Seller Experience
2025-05-21 13:58:04,993 - INFO - Extracted review: Best one
2025-05-21 13:58:05,141 - INFO - Extracted review: Extraordinary
2025-05-21 13:58:05,276 - INFO - Extracted review: Worst packaging
2025-05-21 13:58:05,443 - INFO - Extracted review: Guaranty paper???
2025-05-21 13:58:05,443 - INFO - Extracted 10 reviews from page 1, 0 duplicates removed. Total unique reviews: 10
2025-05-21 13:58:05,576 - INFO - Saved screenshot to reviews/reviews_page_1_20250521_135805.png
2025-05-21 13:58:05,576 - INFO - Reached maximum page limit (1)
2025-05-21 13:58:05,576 - INFO - Total unique reviews extracted: 10
2025-05-21 13:58:07,342 - ERROR - Error analyzing sentiment for batch: Expecting value: line 1 column 1 (char 0)
2025-05-21 13:58:07,342 - INFO - Sentiment analysis: {'positive': 1, 'negative': 0, 'neutral': 9}
2025-05-21 13:58:10,089 - INFO - Reviews saved to: reviews\amazon_reviews_B0DGHZWBYB_20250521_135810.json with sentiment analysis: {'positive': 1, 'negative': 0, 'neutral': 9}
2025-05-21 13:58:10,123 - INFO - Updated reviews\amazon_reviews_B0DGHZWBYB_20250521_135810.json with summary
2025-05-21 13:58:10,123 - INFO - Reviews saved to: reviews\amazon_reviews_B0DGHZWBYB_20250521_135810.json
2025-05-21 13:58:12,273 - INFO - WebDriver closed successfully
