2025-05-21 16:54:09,303 - INFO - Setting up WebDriver...
2025-05-21 16:54:09,315 - INFO - Python architecture: 64bit, System architecture: 64bit
2025-05-21 16:54:09,316 - INFO - Ensuring 64-bit ChromeDriver for 64-bit system...
2025-05-21 16:54:12,225 - INFO - WebDriver setup completed successfully
2025-05-21 16:54:12,229 - INFO - Generated reviews URL: https://www.amazon.in/product-reviews/B0DGHZWBYB
2025-05-21 16:54:12,229 - INFO - Attempt 1/5: Navigating to product reviews page URL: https://www.amazon.in/product-reviews/B0DGHZWBYB
2025-05-21 16:54:59,395 - INFO - Successfully verified reviews page using selector: #cm_cr-review_list
2025-05-21 16:54:59,400 - INFO - Extracting reviews from page 1
2025-05-21 16:54:59,491 - INFO - Found 10 review elements using selector: .review
2025-05-21 16:54:59,502 - INFO - Processing 10 review elements on page 1
2025-05-21 16:54:59,901 - ERROR - Error extracting review data: cannot access local variable 'reviewer_name' where it is not associated with a value
2025-05-21 16:54:59,901 - ERROR - Error processing review on page 1: 'title'
2025-05-21 16:55:00,214 - ERROR - Error extracting review data: cannot access local variable 'reviewer_name' where it is not associated with a value
2025-05-21 16:55:00,214 - ERROR - Error processing review on page 1: 'title'
2025-05-21 16:55:00,524 - ERROR - Error extracting review data: cannot access local variable 'reviewer_name' where it is not associated with a value
2025-05-21 16:55:00,524 - ERROR - Error processing review on page 1: 'title'
2025-05-21 16:55:00,824 - ERROR - Error extracting review data: cannot access local variable 'reviewer_name' where it is not associated with a value
2025-05-21 16:55:00,824 - ERROR - Error processing review on page 1: 'title'
2025-05-21 16:55:01,123 - ERROR - Error extracting review data: cannot access local variable 'reviewer_name' where it is not associated with a value
2025-05-21 16:55:01,123 - ERROR - Error processing review on page 1: 'title'
2025-05-21 16:55:01,409 - ERROR - Error extracting review data: cannot access local variable 'reviewer_name' where it is not associated with a value
2025-05-21 16:55:01,409 - ERROR - Error processing review on page 1: 'title'
2025-05-21 16:55:01,682 - ERROR - Error extracting review data: cannot access local variable 'reviewer_name' where it is not associated with a value
2025-05-21 16:55:01,682 - ERROR - Error processing review on page 1: 'title'
2025-05-21 16:55:01,944 - ERROR - Error extracting review data: cannot access local variable 'reviewer_name' where it is not associated with a value
2025-05-21 16:55:01,944 - ERROR - Error processing review on page 1: 'title'
2025-05-21 16:55:02,216 - ERROR - Error extracting review data: cannot access local variable 'reviewer_name' where it is not associated with a value
2025-05-21 16:55:02,216 - ERROR - Error processing review on page 1: 'title'
2025-05-21 16:55:02,546 - ERROR - Error extracting review data: cannot access local variable 'reviewer_name' where it is not associated with a value
2025-05-21 16:55:02,546 - ERROR - Error processing review on page 1: 'title'
2025-05-21 16:55:02,546 - INFO - Found 10 new unique reviews on page 1
2025-05-21 16:55:02,546 - INFO - Total unique reviews extracted so far: 10
2025-05-21 16:55:02,939 - INFO - Saved screenshot to reviews\reviews_page_1_20250521_165502.png
2025-05-21 16:55:02,939 - INFO - Reached requested number of reviews (10)
2025-05-21 16:55:02,946 - INFO - Total unique reviews extracted: 10
2025-05-21 16:55:02,972 - INFO - Sentiment analysis: {'positive': 0, 'negative': 0, 'neutral': 10}
2025-05-21 16:55:06,983 - ERROR - Error during extraction: RetryError[<Future at 0x1d6e6012840 state=finished raised KeyError>]
2025-05-21 16:55:09,276 - INFO - WebDriver closed successfully
