2025-05-21 15:56:41,502 - INFO - Setting up WebDriver...
2025-05-21 15:56:41,512 - INFO - Python architecture: 64bit, System architecture: 64bit
2025-05-21 15:56:41,513 - INFO - Ensuring 64-bit ChromeDriver for 64-bit system...
2025-05-21 15:56:44,802 - INFO - WebDriver setup completed successfully
2025-05-21 15:56:44,811 - INFO - Generated reviews URL: https://www.amazon.in/product-reviews/B0DGHZWBYB
2025-05-21 15:56:44,811 - INFO - Attempt 1/5: Navigating to product reviews page URL: https://www.amazon.in/product-reviews/B0DGHZWBYB
2025-05-21 15:57:31,619 - INFO - Successfully verified reviews page using selector: #cm_cr-review_list
2025-05-21 15:57:31,627 - INFO - Extracting reviews from page 1
2025-05-21 15:57:31,719 - INFO - Found 10 reviews using selector: .review
2025-05-21 15:57:31,719 - INFO - Found 10 reviews on current page
2025-05-21 15:57:32,118 - INFO - Extracted review: Lightweight and high quality
2025-05-21 15:57:32,423 - INFO - Extracted review: Recent iPhone 16 review...!! Good buy
2025-05-21 15:57:32,689 - INFO - Extracted review: Good Phone
2025-05-21 15:57:33,015 - INFO - Extracted review: Best iPhone so far.
2025-05-21 15:57:33,286 - INFO - Extracted review: Good
2025-05-21 15:57:33,555 - INFO - Extracted review: Poor Seller Experience
2025-05-21 15:57:33,822 - INFO - Extracted review: Best one
2025-05-21 15:57:34,084 - INFO - Extracted review: Extraordinary
2025-05-21 15:57:34,322 - INFO - Extracted review: Worst packaging
2025-05-21 15:57:34,654 - INFO - Extracted review: Guaranty paper???
2025-05-21 15:57:34,654 - INFO - Found 10 reviews on current page
2025-05-21 15:57:34,654 - INFO - Extracted 10 reviews from page 1, 0 duplicates removed. Total unique reviews: 10
2025-05-21 15:57:34,820 - INFO - Saved screenshot to reviews\reviews_page_1_20250521_155734.png
2025-05-21 15:57:34,871 - INFO - Found next page link using selector 'li.a-last a': https://www.amazon.in/iPhone-16-128-GB-Control/product-reviews/B0DGHZWBYB/ref=cm_cr_arp_d_paging_btm_2?ie=UTF8&pageNumber=2
2025-05-21 15:57:34,871 - INFO - Attempt 1/5: Navigating to next reviews page URL: https://www.amazon.in/iPhone-16-128-GB-Control/product-reviews/B0DGHZWBYB/ref=cm_cr_arp_d_paging_btm_2?ie=UTF8&pageNumber=2
2025-05-21 15:58:20,464 - INFO - Successfully verified reviews page using selector: #cm_cr-review_list
2025-05-21 15:58:20,464 - INFO - Extracting reviews from page 2
2025-05-21 15:58:20,515 - INFO - Found 10 reviews using selector: .review
2025-05-21 15:58:20,515 - INFO - Found 10 reviews on current page
2025-05-21 15:58:20,817 - INFO - Extracted review: Lightweight and high quality
2025-05-21 15:58:21,121 - INFO - Extracted review: Recent iPhone 16 review...!! Good buy
2025-05-21 15:58:21,391 - INFO - Extracted review: Good Phone
2025-05-21 15:58:21,694 - INFO - Extracted review: Best iPhone so far.
2025-05-21 15:58:21,982 - INFO - Extracted review: Good
2025-05-21 15:58:22,249 - INFO - Extracted review: Poor Seller Experience
2025-05-21 15:58:22,532 - INFO - Extracted review: Best one
2025-05-21 15:58:22,781 - INFO - Extracted review: Extraordinary
2025-05-21 15:58:23,052 - INFO - Extracted review: Worst packaging
2025-05-21 15:58:23,330 - INFO - Extracted review: Guaranty paper???
2025-05-21 15:58:23,330 - INFO - Found 10 reviews on current page
2025-05-21 15:58:23,330 - INFO - Extracted 10 reviews from page 2, 0 duplicates removed. Total unique reviews: 20
2025-05-21 15:58:23,498 - INFO - Saved screenshot to reviews\reviews_page_2_20250521_155823.png
2025-05-21 15:58:23,498 - INFO - Reached requested number of reviews (15)
2025-05-21 15:58:23,498 - INFO - Total unique reviews extracted: 15
2025-05-21 15:58:23,498 - INFO - Sentiment analysis: {'positive': 10, 'negative': 4, 'neutral': 1}
2025-05-21 15:58:27,011 - INFO - Reviews saved to: reviews\amazon_reviews_B0DGHZWBYB_20250521_155826.json with sentiment analysis: {'positive': 10, 'negative': 4, 'neutral': 1}
2025-05-21 15:58:29,207 - INFO - WebDriver closed successfully
