2025-04-25 14:23:37,896 - INFO - Setting up WebDriver...
2025-04-25 14:23:42,000 - INFO - WebDriver setup completed successfully
2025-04-25 14:23:42,001 - INFO - Starting Amazon Review Extractor
2025-04-25 14:23:42,003 - INFO - Setting up WebDriver...
2025-04-25 14:23:44,631 - INFO - WebDriver setup completed successfully
2025-04-25 14:23:44,633 - INFO - Generated reviews URL: https://www.amazon.in/product-reviews/B0DGJH94KM
2025-04-25 14:23:44,634 - INFO - Attempt 1/5: Navigating to product reviews page URL: https://www.amazon.in/product-reviews/B0DGJH94KM
2025-04-25 14:25:10,625 - INFO - On reviews page based on URL, though review elements not found. URL: https://www.amazon.in/ap/signin?openid.pape.max_auth_age=3600&openid.return_to=https%3A%2F%2Fwww.amazon.in%2Fproduct-reviews%2FB0DGJH94KM&openid.identity=http%3A%2F%2Fspecs.openid.net%2Fauth%2F2.0%2Fidentifier_select&openid.assoc_handle=inflex&openid.mode=checkid_setup&language=en_IN&openid.claimed_id=http%3A%2F%2Fspecs.openid.net%2Fauth%2F2.0%2Fidentifier_select&openid.ns=http%3A%2F%2Fspecs.openid.net%2Fauth%2F2.0
2025-04-25 14:25:10,878 - INFO - Saved screenshot to reviews/reviews_page_20250425_142510.png
2025-04-25 14:25:10,880 - INFO - Extracting reviews from page 1
2025-04-25 14:25:11,169 - WARNING - No reviews found on current page. Saved screenshot to no_reviews_found_20250425_142510.png
2025-04-25 14:25:11,223 - INFO - Saved page source to review_page_source_20250425_142510.html
2025-04-25 14:25:11,223 - INFO - Extracted 0 reviews from page 1. Total reviews: 0
2025-04-25 14:25:11,470 - INFO - Saved screenshot to reviews/reviews_page_1_20250425_142511.png
2025-04-25 14:25:11,539 - INFO - No more review pages available
2025-04-25 14:25:11,539 - INFO - Total reviews extracted: 0
2025-04-25 14:25:11,539 - INFO - Sentiment analysis: {'positive': 0, 'negative': 0, 'neutral': 0}
2025-04-25 14:25:11,539 - INFO - Reviews saved to: reviews\amazon_reviews_B0DGJH94KM_20250425_142511.json with sentiment analysis: {'positive': 0, 'negative': 0, 'neutral': 0}
2025-04-25 14:25:11,539 - INFO - Reviews saved to: reviews\amazon_reviews_B0DGJH94KM_20250425_142511.json
2025-04-25 14:25:13,688 - INFO - WebDriver closed successfully
2025-04-25 14:25:29,936 - INFO - WebDriver closed successfully
