2025-05-21 16:28:57,877 - INFO - Setting up WebDriver...
2025-05-21 16:28:57,886 - INFO - Python architecture: 64bit, System architecture: 64bit
2025-05-21 16:28:57,890 - INFO - Ensuring 64-bit ChromeDriver for 64-bit system...
2025-05-21 16:29:01,089 - INFO - WebDriver setup completed successfully
2025-05-21 16:29:01,089 - INFO - Generated reviews URL: https://www.amazon.in/product-reviews/B0DGHZWBYB
2025-05-21 16:29:01,089 - INFO - Attempt 1/5: Navigating to product reviews page URL: https://www.amazon.in/product-reviews/B0DGHZWBYB
2025-05-21 16:29:48,754 - INFO - Successfully verified reviews page using selector: #cm_cr-review_list
2025-05-21 16:29:48,761 - INFO - Extracting reviews from page 1
2025-05-21 16:29:48,831 - INFO - Found 10 reviews using selector: .review
2025-05-21 16:29:48,831 - INFO - Found 10 reviews on current page
2025-05-21 16:29:49,210 - INFO - Extracted review: Lightweight and high quality
2025-05-21 16:29:49,457 - INFO - Extracted review: Recent iPhone 16 review...!! Good buy
2025-05-21 16:29:49,715 - INFO - Extracted review: Good Phone
2025-05-21 16:29:49,954 - INFO - Extracted review: Best iPhone so far.
2025-05-21 16:29:50,248 - INFO - Extracted review: Good
2025-05-21 16:29:50,510 - INFO - Extracted review: Poor Seller Experience
2025-05-21 16:29:50,757 - INFO - Extracted review: Best one
2025-05-21 16:29:50,991 - INFO - Extracted review: Extraordinary
2025-05-21 16:29:51,245 - INFO - Extracted review: Worst packaging
2025-05-21 16:29:51,529 - INFO - Extracted review: Guaranty paper???
2025-05-21 16:29:51,529 - INFO - Found 10 reviews on current page
2025-05-21 16:29:51,529 - INFO - Extracted 10 reviews from page 1, 0 duplicates removed. Total unique reviews: 10
2025-05-21 16:29:51,713 - INFO - Saved screenshot to reviews\reviews_page_1_20250521_162951.png
2025-05-21 16:29:51,761 - INFO - Found next page link using selector 'li.a-last a': https://www.amazon.in/iPhone-16-128-GB-Control/product-reviews/B0DGHZWBYB/ref=cm_cr_arp_d_paging_btm_2?ie=UTF8&pageNumber=2
2025-05-21 16:29:51,761 - INFO - Attempt 1/5: Navigating to next reviews page URL: https://www.amazon.in/iPhone-16-128-GB-Control/product-reviews/B0DGHZWBYB/ref=cm_cr_arp_d_paging_btm_2?ie=UTF8&pageNumber=2
2025-05-21 16:30:37,883 - INFO - Successfully verified reviews page using selector: #cm_cr-review_list
2025-05-21 16:30:37,883 - INFO - Extracting reviews from page 2
2025-05-21 16:30:37,929 - INFO - Found 10 reviews using selector: .review
2025-05-21 16:30:37,929 - INFO - Found 10 reviews on current page
2025-05-21 16:30:38,225 - INFO - Extracted review: Lightweight and high quality
2025-05-21 16:30:38,518 - INFO - Extracted review: Recent iPhone 16 review...!! Good buy
2025-05-21 16:30:38,812 - INFO - Extracted review: Good Phone
2025-05-21 16:30:39,096 - INFO - Extracted review: Best iPhone so far.
2025-05-21 16:30:39,361 - INFO - Extracted review: Good
2025-05-21 16:30:39,615 - INFO - Extracted review: Poor Seller Experience
2025-05-21 16:30:39,871 - INFO - Extracted review: Best one
2025-05-21 16:30:40,101 - INFO - Extracted review: Extraordinary
2025-05-21 16:30:40,390 - INFO - Extracted review: Worst packaging
2025-05-21 16:30:40,666 - INFO - Extracted review: Guaranty paper???
2025-05-21 16:30:40,666 - INFO - Found 10 reviews on current page
2025-05-21 16:30:40,666 - INFO - Extracted 10 reviews from page 2, 0 duplicates removed. Total unique reviews: 20
2025-05-21 16:30:40,824 - INFO - Saved screenshot to reviews\reviews_page_2_20250521_163040.png
2025-05-21 16:30:40,824 - INFO - Reached requested number of reviews (13)
2025-05-21 16:30:40,824 - INFO - Total unique reviews extracted: 13
2025-05-21 16:30:40,840 - INFO - Sentiment analysis: {'positive': 8, 'negative': 4, 'neutral': 1}
2025-05-21 16:30:46,147 - INFO - Reviews saved to: reviews\amazon_reviews_B0DGHZWBYB_20250521_163046.json with sentiment analysis: {'positive': 8, 'negative': 4, 'neutral': 1}
2025-05-21 16:30:48,510 - INFO - WebDriver closed successfully
