2025-05-21 16:56:38,517 - INFO - Setting up WebDriver...
2025-05-21 16:56:38,517 - INFO - Python architecture: 64bit, System architecture: 64bit
2025-05-21 16:56:38,517 - INFO - Ensuring 64-bit ChromeDriver for 64-bit system...
2025-05-21 16:56:41,737 - INFO - WebDriver setup completed successfully
2025-05-21 16:56:41,737 - INFO - Generated reviews URL: https://www.amazon.in/product-reviews/B0DGHZWBYB
2025-05-21 16:56:41,737 - INFO - Attempt 1/5: Navigating to product reviews page URL: https://www.amazon.in/product-reviews/B0DGHZWBYB
2025-05-21 16:57:28,769 - INFO - Successfully verified reviews page using selector: #cm_cr-review_list
2025-05-21 16:57:28,769 - INFO - Extracting reviews from page 1
2025-05-21 16:57:28,869 - INFO - Found 10 reviews using selector: .review
2025-05-21 16:57:28,869 - INFO - Found 10 reviews on current page
2025-05-21 16:57:29,315 - INFO - Extracted review: Lightweight and high quality
2025-05-21 16:57:29,647 - INFO - Extracted review: Recent iPhone 16 review...!! Good buy
2025-05-21 16:57:29,984 - INFO - Extracted review: Good Phone
2025-05-21 16:57:30,301 - INFO - Extracted review: Best iPhone so far.
2025-05-21 16:57:30,629 - INFO - Extracted review: Good
2025-05-21 16:57:30,917 - INFO - Extracted review: Poor Seller Experience
2025-05-21 16:57:31,239 - INFO - Extracted review: Best one
2025-05-21 16:57:31,552 - INFO - Extracted review: Extraordinary
2025-05-21 16:57:31,868 - INFO - Extracted review: Worst packaging
2025-05-21 16:57:32,200 - INFO - Extracted review: Guaranty paper???
2025-05-21 16:57:32,200 - INFO - Found 10 reviews on current page
2025-05-21 16:57:32,200 - INFO - Extracted 10 reviews from page 1, 0 duplicates removed. Total unique reviews: 10
2025-05-21 16:57:32,599 - INFO - Saved screenshot to reviews\reviews_page_1_20250521_165732.png
2025-05-21 16:57:32,660 - INFO - Found next page link using selector 'li.a-last a': https://www.amazon.in/iPhone-16-128-GB-Control/product-reviews/B0DGHZWBYB/ref=cm_cr_arp_d_paging_btm_2?ie=UTF8&pageNumber=2
2025-05-21 16:57:32,660 - INFO - Attempt 1/5: Navigating to next reviews page URL: https://www.amazon.in/iPhone-16-128-GB-Control/product-reviews/B0DGHZWBYB/ref=cm_cr_arp_d_paging_btm_2?ie=UTF8&pageNumber=2
2025-05-21 16:58:19,088 - INFO - Successfully verified reviews page using selector: #cm_cr-review_list
2025-05-21 16:58:19,088 - INFO - Extracting reviews from page 2
2025-05-21 16:58:19,138 - INFO - Found 10 reviews using selector: .review
2025-05-21 16:58:19,138 - INFO - Found 10 reviews on current page
2025-05-21 16:58:19,417 - INFO - Extracted review: Lightweight and high quality
2025-05-21 16:58:19,636 - INFO - Extracted review: Recent iPhone 16 review...!! Good buy
2025-05-21 16:58:19,844 - INFO - Extracted review: Good Phone
2025-05-21 16:58:20,095 - INFO - Extracted review: Best iPhone so far.
2025-05-21 16:58:20,359 - INFO - Extracted review: Good
2025-05-21 16:58:20,605 - INFO - Extracted review: Poor Seller Experience
2025-05-21 16:58:20,844 - INFO - Extracted review: Best one
2025-05-21 16:58:21,110 - INFO - Extracted review: Extraordinary
2025-05-21 16:58:21,376 - INFO - Extracted review: Worst packaging
2025-05-21 16:58:21,643 - INFO - Extracted review: Guaranty paper???
2025-05-21 16:58:21,643 - INFO - Found 10 reviews on current page
2025-05-21 16:58:21,643 - INFO - Extracted 10 reviews from page 2, 0 duplicates removed. Total unique reviews: 20
2025-05-21 16:58:21,829 - INFO - Saved screenshot to reviews\reviews_page_2_20250521_165821.png
2025-05-21 16:58:21,829 - INFO - Reached requested number of reviews (15)
2025-05-21 16:58:21,829 - INFO - Total unique reviews extracted: 15
2025-05-21 16:58:21,859 - INFO - Sentiment analysis: {'positive': 10, 'negative': 4, 'neutral': 1}
2025-05-21 16:58:25,439 - INFO - Reviews saved to: reviews\amazon_reviews_B0DGHZWBYB_20250521_165825.json with sentiment analysis: {'positive': 10, 'negative': 4, 'neutral': 1}
2025-05-21 16:58:27,663 - INFO - WebDriver closed successfully
