2025-04-26 13:06:10,522 - INFO - Starting Amazon Review Extractor
2025-04-26 13:06:10,522 - INFO - Setting up WebDriver...
2025-04-26 13:06:13,426 - INFO - WebDriver setup completed successfully
2025-04-26 13:06:13,427 - INFO - Generated reviews URL: https://www.amazon.in/product-reviews/B0DGJC8DG8
2025-04-26 13:06:13,428 - INFO - Attempt 1/5: Navigating to product reviews page URL: https://www.amazon.in/product-reviews/B0DGJC8DG8
2025-04-26 13:07:39,876 - INFO - On reviews page based on URL, though review elements not found. URL: https://www.amazon.in/ap/signin?openid.pape.max_auth_age=3600&openid.return_to=https%3A%2F%2Fwww.amazon.in%2Fproduct-reviews%2FB0DGJC8DG8&openid.identity=http%3A%2F%2Fspecs.openid.net%2Fauth%2F2.0%2Fidentifier_select&openid.assoc_handle=inflex&openid.mode=checkid_setup&language=en_IN&openid.claimed_id=http%3A%2F%2Fspecs.openid.net%2Fauth%2F2.0%2Fidentifier_select&openid.ns=http%3A%2F%2Fspecs.openid.net%2Fauth%2F2.0
2025-04-26 13:07:40,085 - INFO - Saved screenshot to reviews/reviews_page_20250426_130739.png
2025-04-26 13:07:40,085 - INFO - Starting extraction with max_pages set to: 2
2025-04-26 13:07:40,086 - INFO - Extracting reviews from page 1
2025-04-26 13:07:40,423 - WARNING - No reviews found on current page. Saved screenshot to no_reviews_found_20250426_130740.png
2025-04-26 13:07:40,456 - INFO - Saved page source to review_page_source_20250426_130740.html
2025-04-26 13:07:40,456 - INFO - Extracted 0 reviews from page 1. Total reviews: 0
2025-04-26 13:07:40,638 - INFO - Saved screenshot to reviews/reviews_page_1_20250426_130740.png
2025-04-26 13:07:40,746 - INFO - No next page button found and no indication of more pages
2025-04-26 13:07:40,748 - INFO - No more review pages available
2025-04-26 13:07:40,749 - INFO - Completed extraction. Total pages processed: 1
2025-04-26 13:07:40,750 - INFO - Total reviews extracted: 0
2025-04-26 13:07:40,751 - INFO - Sentiment analysis: {'positive': 0, 'negative': 0, 'neutral': 0}
2025-04-26 13:07:40,753 - INFO - Reviews saved to: reviews\amazon_reviews_B0DGJC8DG820250426130740.json with sentiment analysis: {'positive': 0, 'negative': 0, 'neutral': 0}
2025-04-26 13:07:40,754 - INFO - Reviews saved to: reviews\amazon_reviews_B0DGJC8DG820250426130740.json
2025-04-26 13:07:42,901 - INFO - WebDriver closed successfully
