2025-05-21 13:21:21,604 - INFO - Starting Amazon Review Extractor
2025-05-21 13:21:21,604 - INFO - Setting up WebDriver...
2025-05-21 13:21:21,604 - INFO - Python architecture: 64bit, System architecture: 64bit
2025-05-21 13:21:21,604 - INFO - Ensuring 64-bit ChromeDriver for 64-bit system...
2025-05-21 13:21:24,624 - INFO - WebDriver setup completed successfully
2025-05-21 13:21:24,624 - INFO - Generated reviews URL: https://www.amazon.in/product-reviews/B0DGJH94KM
2025-05-21 13:21:24,625 - INFO - Attempt 1/5: Navigating to product reviews page URL: https://www.amazon.in/product-reviews/B0DGJH94KM
2025-05-21 13:22:10,413 - INFO - Successfully verified reviews page using selector: #cm_cr-review_list
2025-05-21 13:22:10,413 - INFO - Extracting reviews from page 1
2025-05-21 13:22:10,480 - INFO - Found 10 reviews using selector: .review
2025-05-21 13:22:10,480 - INFO - Found 10 reviews on current page
2025-05-21 13:22:10,747 - INFO - Extracted review: Excellent
2025-05-21 13:22:10,980 - INFO - Extracted review: Good product
2025-05-21 13:22:11,230 - INFO - Extracted review: Everything
2025-05-21 13:22:11,530 - INFO - Extracted review: Buy Only if Coming from iPhone 13 or earlier
2025-05-21 13:22:11,799 - INFO - Extracted review: Smooth purchase, minor hiccups with the trade in.
2025-05-21 13:22:12,046 - INFO - Extracted review: Great phone but poor customer service of seller
2025-05-21 13:22:12,362 - INFO - Extracted review: A Sleek Upgrade Experience
2025-05-21 13:22:12,639 - INFO - Extracted review: Best iPhone with pro camera button
2025-05-21 13:22:12,860 - INFO - Extracted review: Amazing
2025-05-21 13:22:12,980 - INFO - Extracted review: Ncy
2025-05-21 13:22:12,980 - INFO - Extracted 10 reviews from page 1, 0 duplicates removed. Total unique reviews: 10
2025-05-21 13:22:13,149 - INFO - Saved screenshot to reviews/reviews_page_1_20250521_132212.png
2025-05-21 13:22:13,150 - INFO - Reached maximum page limit (1)
2025-05-21 13:22:13,151 - INFO - Total unique reviews extracted: 10
2025-05-21 13:22:18,508 - INFO - Sentiment analysis: {'positive': 5, 'negative': 3, 'neutral': 2}
2025-05-21 13:22:19,373 - WARNING - Not enough sentiment results returned, defaulting to neutral.
2025-05-21 13:22:19,373 - INFO - Sentiment analysis: {'positive': 6, 'negative': 2, 'neutral': 2}
2025-05-21 13:22:19,373 - INFO - Reviews saved to: reviews\amazon_reviews_B0DGJH94KM_20250521_132219.json with sentiment analysis: {'positive': 6, 'negative': 2, 'neutral': 2}
2025-05-21 13:22:19,390 - INFO - Updated reviews\amazon_reviews_B0DGJH94KM_20250521_132219.json with summary
2025-05-21 13:22:19,390 - INFO - Reviews saved to: reviews\amazon_reviews_B0DGJH94KM_20250521_132219.json
2025-05-21 13:22:21,572 - INFO - WebDriver closed successfully
