2025-05-21 13:31:59,042 - INFO - Starting Amazon Review Extractor
2025-05-21 13:31:59,042 - INFO - Setting up WebDriver...
2025-05-21 13:31:59,042 - INFO - Python architecture: 64bit, System architecture: 64bit
2025-05-21 13:31:59,048 - INFO - Ensuring 64-bit ChromeDriver for 64-bit system...
2025-05-21 13:32:02,587 - INFO - WebDriver setup completed successfully
2025-05-21 13:32:02,587 - INFO - Generated reviews URL: https://www.amazon.in/product-reviews/B0DGJH94KM
2025-05-21 13:32:02,587 - INFO - Attempt 1/5: Navigating to product reviews page URL: https://www.amazon.in/product-reviews/B0DGJH94KM
2025-05-21 13:32:50,589 - INFO - Successfully verified reviews page using selector: #cm_cr-review_list
2025-05-21 13:32:50,589 - INFO - Extracting reviews from page 1
2025-05-21 13:32:50,655 - INFO - Found 10 reviews using selector: .review
2025-05-21 13:32:50,655 - INFO - Found 10 reviews on current page
2025-05-21 13:32:50,921 - INFO - Extracted review: Excellent
2025-05-21 13:32:51,121 - INFO - Extracted review: Good product
2025-05-21 13:32:51,286 - INFO - Extracted review: Everything
2025-05-21 13:32:51,487 - INFO - Extracted review: Buy Only if Coming from iPhone 13 or earlier
2025-05-21 13:32:51,687 - INFO - Extracted review: Smooth purchase, minor hiccups with the trade in.
2025-05-21 13:32:51,874 - INFO - Extracted review: Great phone but poor customer service of seller
2025-05-21 13:32:52,103 - INFO - Extracted review: A Sleek Upgrade Experience
2025-05-21 13:32:52,275 - INFO - Extracted review: Best iPhone with pro camera button
2025-05-21 13:32:52,436 - INFO - Extracted review: Amazing
2025-05-21 13:32:52,619 - INFO - Extracted review: Ncy
2025-05-21 13:32:52,619 - INFO - Extracted 10 reviews from page 1, 0 duplicates removed. Total unique reviews: 10
2025-05-21 13:32:52,753 - INFO - Saved screenshot to reviews/reviews_page_1_20250521_133252.png
2025-05-21 13:32:52,765 - INFO - Reached maximum page limit (1)
2025-05-21 13:32:52,765 - INFO - Total unique reviews extracted: 10
2025-05-21 13:32:54,602 - WARNING - Not enough sentiment results returned, defaulting to neutral.
2025-05-21 13:32:54,602 - INFO - Sentiment analysis: {'positive': 7, 'negative': 2, 'neutral': 1}
2025-05-21 13:32:56,818 - INFO - Reviews saved to: reviews\amazon_reviews_B0DGJH94KM_20250521_133256.json with sentiment analysis: {'positive': 7, 'negative': 2, 'neutral': 1}
2025-05-21 13:32:56,833 - INFO - Updated reviews\amazon_reviews_B0DGJH94KM_20250521_133256.json with summary
2025-05-21 13:32:56,833 - INFO - Reviews saved to: reviews\amazon_reviews_B0DGJH94KM_20250521_133256.json
2025-05-21 13:32:58,997 - INFO - WebDriver closed successfully
