2025-05-22 01:56:29,693 - INFO - Starting Amazon Review Extractor
2025-05-22 01:56:29,693 - INFO - Setting up WebDriver...
2025-05-22 01:56:29,693 - INFO - Python architecture: 64bit, System architecture: 64bit
2025-05-22 01:56:29,693 - INFO - Ensuring 64-bit ChromeDriver for 64-bit system...
2025-05-22 01:56:32,616 - INFO - WebDriver setup completed successfully
2025-05-22 01:56:32,617 - INFO - Generated reviews URL: https://www.amazon.in/product-reviews/B0C4Q5HNMH
2025-05-22 01:56:32,617 - INFO - Attempt 1/5: Navigating to product reviews page URL: https://www.amazon.in/product-reviews/B0C4Q5HNMH
2025-05-22 01:57:17,948 - INFO - Successfully verified reviews page using selector: #cm_cr-review_list
2025-05-22 01:57:17,949 - INFO - Extracting reviews from page 1
2025-05-22 01:57:17,989 - INFO - Found 10 reviews using selector: .review
2025-05-22 01:57:17,989 - INFO - Found 10 reviews on current page
2025-05-22 01:57:18,157 - INFO - Extracted review: Stylish and Feature-Packed Smartwatch
2025-05-22 01:57:18,314 - INFO - Extracted review: This watch is amazing
2025-05-22 01:57:18,535 - INFO - Extracted review: Product Review: NoiseFit Halo 2 Smartwatch – 5 Stars!
2025-05-22 01:57:18,747 - INFO - Extracted review: Perfect watch
2025-05-22 01:57:18,964 - INFO - Extracted review: Best at the price range
2025-05-22 01:57:19,193 - INFO - Extracted review: A look
2025-05-22 01:57:19,401 - INFO - Extracted review: Excellent watch
2025-05-22 01:57:19,567 - INFO - Extracted review: Look premium But no functionality
2025-05-22 01:57:19,767 - INFO - Extracted review: Working is Out standing , just do little focus on shining on metele
2025-05-22 01:57:19,991 - INFO - Extracted review: Super 👍
2025-05-22 01:57:19,992 - INFO - Extracted 10 reviews from page 1, 0 duplicates removed. Total unique reviews: 10
2025-05-22 01:57:20,242 - INFO - Saved screenshot to reviews/reviews_page_1_20250522_015719.png
2025-05-22 01:57:20,243 - INFO - Reached maximum page limit (1)
2025-05-22 01:57:20,243 - INFO - Total unique reviews extracted: 10
2025-05-22 01:57:24,559 - INFO - Sentiment analysis: {'positive': 8, 'negative': 0, 'neutral': 0}
2025-05-22 01:57:24,581 - INFO - Sentiment analysis: {'positive': 8, 'negative': 0, 'neutral': 0}
2025-05-22 01:57:24,583 - INFO - Reviews saved to: reviews\amazon_reviews_B0C4Q5HNMH_20250522_015724.json with sentiment analysis: {'positive': 8, 'negative': 0, 'neutral': 0}
2025-05-22 01:57:24,607 - INFO - Updated reviews\amazon_reviews_B0C4Q5HNMH_20250522_015724.json with summary
2025-05-22 01:57:24,607 - INFO - Reviews saved to: reviews\amazon_reviews_B0C4Q5HNMH_20250522_015724.json
2025-05-22 01:57:26,777 - INFO - WebDriver closed successfully
