2025-05-21 16:11:38,449 - INFO - Setting up WebDriver...
2025-05-21 16:11:38,462 - INFO - Python architecture: 64bit, System architecture: 64bit
2025-05-21 16:11:38,462 - INFO - Ensuring 64-bit ChromeDriver for 64-bit system...
2025-05-21 16:11:41,717 - INFO - WebDriver setup completed successfully
2025-05-21 16:11:41,717 - INFO - Generated reviews URL: https://www.amazon.in/product-reviews/B0DGHZWBYB
2025-05-21 16:11:41,717 - INFO - Attempt 1/5: Navigating to product reviews page URL: https://www.amazon.in/product-reviews/B0DGHZWBYB
2025-05-21 16:12:28,437 - INFO - Successfully verified reviews page using selector: #cm_cr-review_list
2025-05-21 16:12:28,437 - INFO - Extracting reviews from page 1
2025-05-21 16:12:28,520 - INFO - Found 10 reviews using selector: .review
2025-05-21 16:12:28,520 - INFO - Found 10 reviews on current page
2025-05-21 16:12:28,913 - INFO - Extracted review: Lightweight and high quality
2025-05-21 16:12:29,215 - INFO - Extracted review: Recent iPhone 16 review...!! Good buy
2025-05-21 16:12:29,486 - INFO - Extracted review: Good Phone
2025-05-21 16:12:29,752 - INFO - Extracted review: Best iPhone so far.
2025-05-21 16:12:30,055 - INFO - Extracted review: Good
2025-05-21 16:12:30,318 - INFO - Extracted review: Poor Seller Experience
2025-05-21 16:12:30,565 - INFO - Extracted review: Best one
2025-05-21 16:12:30,805 - INFO - Extracted review: Extraordinary
2025-05-21 16:12:31,085 - INFO - Extracted review: Worst packaging
2025-05-21 16:12:31,402 - INFO - Extracted review: Guaranty paper???
2025-05-21 16:12:31,402 - INFO - Found 10 reviews on current page
2025-05-21 16:12:31,402 - INFO - Extracted 10 reviews from page 1, 0 duplicates removed. Total unique reviews: 10
2025-05-21 16:12:31,587 - INFO - Saved screenshot to reviews\reviews_page_1_20250521_161231.png
2025-05-21 16:12:31,635 - INFO - Found next page link using selector 'li.a-last a': https://www.amazon.in/iPhone-16-128-GB-Control/product-reviews/B0DGHZWBYB/ref=cm_cr_arp_d_paging_btm_2?ie=UTF8&pageNumber=2
2025-05-21 16:12:31,635 - INFO - Attempt 1/5: Navigating to next reviews page URL: https://www.amazon.in/iPhone-16-128-GB-Control/product-reviews/B0DGHZWBYB/ref=cm_cr_arp_d_paging_btm_2?ie=UTF8&pageNumber=2
2025-05-21 16:13:17,106 - INFO - Successfully verified reviews page using selector: #cm_cr-review_list
2025-05-21 16:13:17,106 - INFO - Extracting reviews from page 2
2025-05-21 16:13:17,148 - INFO - Found 10 reviews using selector: .review
2025-05-21 16:13:17,148 - INFO - Found 10 reviews on current page
2025-05-21 16:13:17,413 - INFO - Extracted review: Lightweight and high quality
2025-05-21 16:13:17,613 - INFO - Extracted review: Recent iPhone 16 review...!! Good buy
2025-05-21 16:13:17,829 - INFO - Extracted review: Good Phone
2025-05-21 16:13:18,030 - INFO - Extracted review: Best iPhone so far.
2025-05-21 16:13:18,249 - INFO - Extracted review: Good
2025-05-21 16:13:18,447 - INFO - Extracted review: Poor Seller Experience
2025-05-21 16:13:18,639 - INFO - Extracted review: Best one
2025-05-21 16:13:18,829 - INFO - Extracted review: Extraordinary
2025-05-21 16:13:19,062 - INFO - Extracted review: Worst packaging
2025-05-21 16:13:19,329 - INFO - Extracted review: Guaranty paper???
2025-05-21 16:13:19,329 - INFO - Found 10 reviews on current page
2025-05-21 16:13:19,329 - INFO - Extracted 10 reviews from page 2, 0 duplicates removed. Total unique reviews: 20
2025-05-21 16:13:19,511 - INFO - Saved screenshot to reviews\reviews_page_2_20250521_161319.png
2025-05-21 16:13:19,511 - INFO - Reached requested number of reviews (15)
2025-05-21 16:13:19,511 - INFO - Total unique reviews extracted: 15
2025-05-21 16:13:19,545 - INFO - Sentiment analysis: {'positive': 10, 'negative': 4, 'neutral': 1}
2025-05-21 16:13:22,633 - INFO - Reviews saved to: reviews\amazon_reviews_B0DGHZWBYB_20250521_161322.json with sentiment analysis: {'positive': 10, 'negative': 4, 'neutral': 1}
2025-05-21 16:13:24,823 - INFO - WebDriver closed successfully
