2025-05-21 11:42:38,036 - INFO - Starting Amazon Review Extractor
2025-05-21 11:42:38,037 - INFO - Setting up WebDriver...
2025-05-21 11:42:38,037 - INFO - Python architecture: 64bit, System architecture: 64bit
2025-05-21 11:42:38,037 - INFO - Ensuring 64-bit ChromeDriver for 64-bit system...
2025-05-21 11:42:41,667 - INFO - WebDriver setup completed successfully
2025-05-21 11:42:41,667 - INFO - Generated reviews URL: https://www.amazon.in/product-reviews/B0DGJH94KM
2025-05-21 11:42:41,667 - INFO - Attempt 1/5: Navigating to product reviews page URL: https://www.amazon.in/product-reviews/B0DGJH94KM
2025-05-21 11:43:30,786 - INFO - Successfully verified reviews page using selector: #cm_cr-review_list
2025-05-21 11:43:30,786 - INFO - Extracting reviews from page 1
2025-05-21 11:43:30,857 - INFO - Found 10 reviews using selector: .review
2025-05-21 11:43:30,870 - INFO - Found 10 reviews on current page
2025-05-21 11:43:31,235 - INFO - Extracted review: Excellent
2025-05-21 11:43:31,524 - INFO - Extracted review: Good product
2025-05-21 11:43:31,857 - INFO - Extracted review: Everything
2025-05-21 11:43:32,267 - INFO - Extracted review: Buy Only if Coming from iPhone 13 or earlier
2025-05-21 11:43:32,596 - INFO - Extracted review: Smooth purchase, minor hiccups with the trade in.
2025-05-21 11:43:32,934 - INFO - Extracted review: Great phone but poor customer service of seller
2025-05-21 11:43:33,322 - INFO - Extracted review: A Sleek Upgrade Experience
2025-05-21 11:43:33,672 - INFO - Extracted review: Best iPhone with pro camera button
2025-05-21 11:43:34,021 - INFO - Extracted review: Amazing
2025-05-21 11:43:34,357 - INFO - Extracted review: Ncy
2025-05-21 11:43:34,357 - INFO - Extracted 10 reviews from page 1. Total reviews: 10
2025-05-21 11:43:34,563 - INFO - Saved screenshot to reviews/reviews_page_1_20250521_114334.png
2025-05-21 11:43:34,621 - INFO - Found next button using selector: li.a-last a
2025-05-21 11:43:35,676 - INFO - Navigating to next page URL: https://www.amazon.in/iPhone-16-Pro-128-GB/product-reviews/B0DGJH94KM/ref=cm_cr_arp_d_paging_btm_2?ie=UTF8&pageNumber=2
2025-05-21 11:43:35,682 - INFO - Attempt 1/5: Navigating to next reviews page URL: https://www.amazon.in/iPhone-16-Pro-128-GB/product-reviews/B0DGJH94KM/ref=cm_cr_arp_d_paging_btm_2?ie=UTF8&pageNumber=2
2025-05-21 11:44:21,744 - INFO - Successfully verified reviews page using selector: #cm_cr-review_list
2025-05-21 11:44:24,448 - INFO - Extracting reviews from page 2
2025-05-21 11:44:24,530 - INFO - Found 10 reviews using selector: .review
2025-05-21 11:44:24,530 - INFO - Found 10 reviews on current page
2025-05-21 11:44:24,863 - INFO - Extracted review: Excellent
2025-05-21 11:44:25,174 - INFO - Extracted review: Good product
2025-05-21 11:44:25,463 - INFO - Extracted review: Everything
2025-05-21 11:44:25,846 - INFO - Extracted review: Buy Only if Coming from iPhone 13 or earlier
2025-05-21 11:44:26,162 - INFO - Extracted review: Smooth purchase, minor hiccups with the trade in.
2025-05-21 11:44:26,492 - INFO - Extracted review: Great phone but poor customer service of seller
2025-05-21 11:44:26,862 - INFO - Extracted review: A Sleek Upgrade Experience
2025-05-21 11:44:27,195 - INFO - Extracted review: Best iPhone with pro camera button
2025-05-21 11:44:27,523 - INFO - Extracted review: Amazing
2025-05-21 11:44:27,839 - INFO - Extracted review: Ncy
2025-05-21 11:44:27,844 - INFO - Extracted 10 reviews from page 2. Total reviews: 20
2025-05-21 11:44:28,008 - INFO - Saved screenshot to reviews/reviews_page_2_20250521_114427.png
2025-05-21 11:44:28,043 - INFO - Found next button using selector: li.a-last a
2025-05-21 11:44:29,091 - INFO - Navigating to next page URL: https://www.amazon.in/iPhone-16-Pro-128-GB/product-reviews/B0DGJH94KM/ref=cm_cr_arp_d_paging_btm_2?ie=UTF8&pageNumber=2
2025-05-21 11:44:29,091 - INFO - Attempt 1/5: Navigating to next reviews page URL: https://www.amazon.in/iPhone-16-Pro-128-GB/product-reviews/B0DGJH94KM/ref=cm_cr_arp_d_paging_btm_2?ie=UTF8&pageNumber=2
2025-05-21 11:45:14,034 - INFO - Successfully verified reviews page using selector: #cm_cr-review_list
2025-05-21 11:45:16,406 - INFO - Extracting reviews from page 3
2025-05-21 11:45:16,472 - INFO - Found 10 reviews using selector: .review
2025-05-21 11:45:16,472 - INFO - Found 10 reviews on current page
2025-05-21 11:45:16,804 - INFO - Extracted review: Excellent
2025-05-21 11:45:17,137 - INFO - Extracted review: Good product
2025-05-21 11:45:17,454 - INFO - Extracted review: Everything
2025-05-21 11:45:17,820 - INFO - Extracted review: Buy Only if Coming from iPhone 13 or earlier
2025-05-21 11:45:18,155 - INFO - Extracted review: Smooth purchase, minor hiccups with the trade in.
2025-05-21 11:45:18,453 - INFO - Extracted review: Great phone but poor customer service of seller
2025-05-21 11:45:18,803 - INFO - Extracted review: A Sleek Upgrade Experience
2025-05-21 11:45:19,129 - INFO - Extracted review: Best iPhone with pro camera button
2025-05-21 11:45:19,419 - INFO - Extracted review: Amazing
2025-05-21 11:45:19,702 - INFO - Extracted review: Ncy
2025-05-21 11:45:19,702 - INFO - Extracted 10 reviews from page 3. Total reviews: 30
2025-05-21 11:45:19,901 - INFO - Saved screenshot to reviews/reviews_page_3_20250521_114519.png
2025-05-21 11:45:19,901 - INFO - Reached maximum page limit (3)
2025-05-21 11:45:19,901 - INFO - Total reviews extracted: 30
2025-05-21 11:45:23,721 - INFO - Sentiment analysis: {'positive': 27, 'negative': 3, 'neutral': 0}
2025-05-21 11:45:23,721 - INFO - Sentiment analysis: {'positive': 27, 'negative': 3, 'neutral': 0}
2025-05-21 11:45:23,721 - INFO - Reviews saved to: reviews\amazon_reviews_B0DGJH94KM_20250521_114523.json with sentiment analysis: {'positive': 27, 'negative': 3, 'neutral': 0}
2025-05-21 11:45:23,731 - INFO - Updated reviews\amazon_reviews_B0DGJH94KM_20250521_114523.json with summary
2025-05-21 11:45:23,748 - INFO - Reviews saved to: reviews\amazon_reviews_B0DGJH94KM_20250521_114523.json
2025-05-21 11:45:25,963 - INFO - WebDriver closed successfully
