2025-04-25 20:16:50,297 - INFO - Starting Amazon Review Extractor
2025-04-25 20:16:50,301 - INFO - Setting up WebDriver...
2025-04-25 20:16:53,223 - INFO - WebDriver setup completed successfully
2025-04-25 20:16:53,223 - INFO - Generated reviews URL: https://www.amazon.in/product-reviews/B0DGJC8DG8
2025-04-25 20:16:53,223 - INFO - Attempt 1/5: Navigating to product reviews page URL: https://www.amazon.in/product-reviews/B0DGJC8DG8
2025-04-25 20:17:44,049 - INFO - Successfully verified reviews page using selector: #cm_cr-review_list
2025-04-25 20:17:44,053 - INFO - Extracting reviews from page 1
2025-04-25 20:17:44,128 - INFO - Found 10 reviews using selector: .review
2025-04-25 20:17:44,128 - INFO - Found 10 reviews on current page
2025-04-25 20:17:44,452 - INFO - Extracted review: Excellent
2025-04-25 20:17:44,618 - INFO - Extracted review: Smooth purchase, minor hiccups with the trade in.
2025-04-25 20:17:44,784 - INFO - Extracted review: Buy Only if Coming from iPhone 13 or earlier
2025-04-25 20:17:44,914 - INFO - Extracted review: Good quality and original product
2025-04-25 20:17:45,058 - INFO - Extracted review: Best iPhone with pro camera button
2025-04-25 20:17:45,203 - INFO - Extracted review: Extremely Disappointed – No Return Policy Mentioned Clearly
2025-04-25 20:17:45,363 - INFO - Extracted review: Best phone
2025-04-25 20:17:45,488 - INFO - Extracted review: Best till now
2025-04-25 20:17:45,635 - INFO - Extracted review: Not so impressive as 1st an iPhone.
2025-04-25 20:17:45,777 - INFO - Extracted review: Delivery bad
2025-04-25 20:17:45,777 - INFO - Extracted 10 reviews from page 1. Total reviews: 10
2025-04-25 20:17:45,886 - INFO - Saved screenshot to reviews/reviews_page_1_20250425_201745.png
2025-04-25 20:17:45,917 - INFO - Found next button using selector: li.a-last a
2025-04-25 20:17:46,951 - INFO - Navigating to next page URL: https://www.amazon.in/iPhone-16-Pro-256-GB/product-reviews/B0DGJC8DG8/ref=cm_cr_arp_d_paging_btm_2?ie=UTF8&pageNumber=2
2025-04-25 20:17:46,951 - INFO - Attempt 1/5: Navigating to next reviews page URL: https://www.amazon.in/iPhone-16-Pro-256-GB/product-reviews/B0DGJC8DG8/ref=cm_cr_arp_d_paging_btm_2?ie=UTF8&pageNumber=2
2025-04-25 20:18:31,984 - INFO - Successfully verified reviews page using selector: #cm_cr-review_list
2025-04-25 20:18:34,358 - INFO - Extracting reviews from page 2
2025-04-25 20:18:34,574 - INFO - Found 10 reviews using selector: .review
2025-04-25 20:18:34,575 - INFO - Found 10 reviews on current page
2025-04-25 20:18:34,938 - INFO - Extracted review: Great phone
2025-04-25 20:18:35,131 - INFO - Extracted review: Good
2025-04-25 20:18:35,335 - INFO - Extracted review: Overall Good product
2025-04-25 20:18:35,531 - INFO - Extracted review: Good phone.
2025-04-25 20:18:35,795 - INFO - Extracted review: Happy to use it
2025-04-25 20:18:36,308 - INFO - Extracted review: Awesome phone with sturdy packaging
