2025-05-22 23:24:54,855 - INFO - Starting Amazon Review Extractor
2025-05-22 23:24:54,862 - INFO - Setting up WebDriver...
2025-05-22 23:24:54,862 - INFO - Python architecture: 64bit, System architecture: 64bit
2025-05-22 23:24:54,868 - INFO - Ensuring 64-bit ChromeDriver for 64-bit system...
2025-05-22 23:24:58,291 - INFO - WebDriver setup completed successfully
2025-05-22 23:24:58,295 - INFO - Generated reviews URL: https://www.amazon.in/product-reviews/B0DGJH94KM
2025-05-22 23:24:58,296 - INFO - Attempt 1/5: Navigating to product reviews page URL: https://www.amazon.in/product-reviews/B0DGJH94KM
2025-05-22 23:25:44,862 - INFO - Successfully verified reviews page using selector: #cm_cr-review_list
2025-05-22 23:25:44,864 - INFO - Extracting reviews from page 1
2025-05-22 23:25:44,974 - INFO - Found 10 reviews using selector: .review
2025-05-22 23:25:44,974 - INFO - Found 10 reviews on current page
2025-05-22 23:25:45,379 - INFO - Extracted review: Excellent
2025-05-22 23:25:45,673 - INFO - Extracted review: Good product
2025-05-22 23:25:45,889 - INFO - Extracted review: Everything
2025-05-22 23:25:46,179 - INFO - Extracted review: Buy Only if Coming from iPhone 13 or earlier
2025-05-22 23:25:46,443 - INFO - Extracted review: Great phone but poor customer service of seller
2025-05-22 23:25:46,712 - INFO - Extracted review: Smooth purchase, minor hiccups with the trade in.
2025-05-22 23:25:46,998 - INFO - Extracted review: A Sleek Upgrade Experience
2025-05-22 23:25:47,257 - INFO - Extracted review: Best iPhone with pro camera button
2025-05-22 23:25:47,482 - INFO - Extracted review: Amazing
2025-05-22 23:25:47,734 - INFO - Extracted review: Ncy
2025-05-22 23:25:47,734 - INFO - Extracted 10 reviews from page 1, 0 duplicates removed. Total unique reviews: 10
2025-05-22 23:25:47,931 - INFO - Saved screenshot to reviews/reviews_page_1_20250522_232547.png
2025-05-22 23:26:34,315 - INFO - Successfully navigated to next page
2025-05-22 23:26:39,171 - INFO - Extracting reviews from page 2
2025-05-22 23:26:39,237 - INFO - Found 10 reviews using selector: .review
2025-05-22 23:26:39,239 - INFO - Found 10 reviews on current page
2025-05-22 23:26:39,471 - INFO - Extracted review: Not so impressive as 1st an iPhone.
2025-05-22 23:26:39,633 - INFO - Extracted review: Photo quality of camera is not good
2025-05-22 23:26:39,800 - INFO - Extracted review: Loved it
2025-05-22 23:26:39,952 - INFO - Extracted review: Awesome
2025-05-22 23:26:40,131 - INFO - Extracted review: JUST GO FOR IT!
2025-05-22 23:26:40,292 - INFO - Extracted review: Value for money with Genuine product
2025-05-22 23:26:40,484 - INFO - Extracted review: Best till now
2025-05-22 23:26:40,647 - INFO - Extracted review: Best phone
2025-05-22 23:26:40,807 - INFO - Extracted review: Delivery bad
2025-05-22 23:26:40,983 - INFO - Extracted review: Great phone
2025-05-22 23:26:40,984 - INFO - Extracted 10 reviews from page 2, 0 duplicates removed. Total unique reviews: 20
2025-05-22 23:26:41,193 - INFO - Saved screenshot to reviews/reviews_page_2_20250522_232640.png
2025-05-22 23:26:41,195 - INFO - Reached maximum page limit (2)
2025-05-22 23:26:41,195 - INFO - Total unique reviews extracted: 20
2025-05-22 23:26:45,667 - INFO - Sentiment analysis: {'positive': 16, 'negative': 2, 'neutral': 1}
2025-05-22 23:26:45,699 - INFO - Sentiment analysis: {'positive': 16, 'negative': 2, 'neutral': 1}
2025-05-22 23:26:45,707 - INFO - Reviews saved to: reviews\amazon_reviews_B0DGJH94KM_20250522_232645.json with sentiment analysis: {'positive': 16, 'negative': 2, 'neutral': 1}
2025-05-22 23:26:45,763 - INFO - Updated reviews\amazon_reviews_B0DGJH94KM_20250522_232645.json with summary
2025-05-22 23:26:45,763 - INFO - Reviews saved to: reviews\amazon_reviews_B0DGJH94KM_20250522_232645.json
2025-05-22 23:26:48,293 - INFO - WebDriver closed successfully
