2025-05-22 01:31:41,297 - INFO - Starting Amazon Review Extractor
2025-05-22 01:31:41,299 - INFO - Setting up WebDriver...
2025-05-22 01:31:41,302 - INFO - Python architecture: 64bit, System architecture: 64bit
2025-05-22 01:31:41,302 - INFO - Ensuring 64-bit ChromeDriver for 64-bit system...
2025-05-22 01:31:43,640 - INFO - WebDriver setup completed successfully
2025-05-22 01:31:43,640 - INFO - Generated reviews URL: https://www.amazon.in/product-reviews/B0C4Q5HNMH
2025-05-22 01:31:43,641 - INFO - Attempt 1/5: Navigating to product reviews page URL: https://www.amazon.in/product-reviews/B0C4Q5HNMH
2025-05-22 01:32:32,250 - INFO - Successfully verified reviews page using selector: #cm_cr-review_list
2025-05-22 01:32:32,251 - INFO - Extracting reviews from page 1
2025-05-22 01:32:32,293 - INFO - Found 10 reviews using selector: .review
2025-05-22 01:32:32,293 - INFO - Found 10 reviews on current page
2025-05-22 01:32:32,498 - INFO - Extracted review: Stylish and Feature-Packed Smartwatch
2025-05-22 01:32:32,683 - INFO - Extracted review: This watch is amazing
2025-05-22 01:32:32,872 - INFO - Extracted review: Product Review: NoiseFit Halo 2 Smartwatch – 5 Stars!
2025-05-22 01:32:33,080 - INFO - Extracted review: Perfect watch
2025-05-22 01:32:33,258 - INFO - Extracted review: Best at the price range
2025-05-22 01:32:33,452 - INFO - Extracted review: A look
2025-05-22 01:32:33,607 - INFO - Extracted review: Excellent watch
2025-05-22 01:32:33,776 - INFO - Extracted review: Look premium But no functionality
2025-05-22 01:32:33,926 - INFO - Extracted review: Working is Out standing , just do little focus on shining on metele
2025-05-22 01:32:34,056 - INFO - Extracted review: Super 👍
2025-05-22 01:32:34,058 - INFO - Extracted 10 reviews from page 1, 0 duplicates removed. Total unique reviews: 10
2025-05-22 01:32:34,264 - INFO - Saved screenshot to reviews/reviews_page_1_20250522_013234.png
2025-05-22 01:32:34,265 - INFO - Reached maximum page limit (1)
2025-05-22 01:32:34,266 - INFO - Total unique reviews extracted: 10
2025-05-22 01:32:37,344 - INFO - Sentiment analysis: {'positive': 8, 'negative': 0, 'neutral': 0}
2025-05-22 01:32:37,392 - INFO - Saved 10 reviews to CSV: reviews\amazon_reviews_B0C4Q5HNMH_20250522_013237.csv
2025-05-22 01:32:37,394 - INFO - Saved summary to reviews\summary_B0C4Q5HNMH_20250522_013237.json
2025-05-22 01:32:37,394 - INFO - Reviews saved to: reviews\amazon_reviews_B0C4Q5HNMH_20250522_013237.csv
2025-05-22 01:32:39,581 - INFO - WebDriver closed successfully
