2025-05-22 23:39:27,308 - INFO - Starting Amazon Review Extractor
2025-05-22 23:39:27,314 - INFO - Setting up WebDriver...
2025-05-22 23:39:27,318 - INFO - Python architecture: 64bit, System architecture: 64bit
2025-05-22 23:39:27,320 - INFO - Ensuring 64-bit ChromeDriver for 64-bit system...
2025-05-22 23:39:30,481 - INFO - WebDriver setup completed successfully
2025-05-22 23:39:30,481 - INFO - Generated reviews URL: https://www.amazon.in/product-reviews/B0DGJH94KM
2025-05-22 23:39:30,481 - INFO - Attempt 1/5: Navigating to product reviews page URL: https://www.amazon.in/product-reviews/B0DGJH94KM
2025-05-22 23:40:15,475 - INFO - Successfully verified reviews page using selector: #cm_cr-review_list
2025-05-22 23:40:15,476 - INFO - Extracting reviews from page 1
2025-05-22 23:40:15,529 - INFO - Found 10 reviews using selector: .review
2025-05-22 23:40:15,529 - INFO - Found 10 reviews on current page
2025-05-22 23:40:15,766 - INFO - Extracted review: Excellent
2025-05-22 23:40:15,942 - INFO - Extracted review: Good product
2025-05-22 23:40:16,068 - INFO - Extracted review: Everything
2025-05-22 23:40:16,244 - INFO - Extracted review: Buy Only if Coming from iPhone 13 or earlier
2025-05-22 23:40:16,408 - INFO - Extracted review: Great phone but poor customer service of seller
2025-05-22 23:40:16,562 - INFO - Extracted review: Smooth purchase, minor hiccups with the trade in.
2025-05-22 23:40:16,720 - INFO - Extracted review: A Sleek Upgrade Experience
2025-05-22 23:40:16,864 - INFO - Extracted review: Best iPhone with pro camera button
2025-05-22 23:40:17,023 - INFO - Extracted review: Amazing
2025-05-22 23:40:17,167 - INFO - Extracted review: Ncy
2025-05-22 23:40:17,168 - INFO - Extracted 10 reviews from page 1, 0 duplicates removed. Total unique reviews: 10
2025-05-22 23:40:17,327 - INFO - Saved screenshot to reviews/reviews_page_1_20250522_234017.png
2025-05-22 23:41:03,884 - INFO - Successfully navigated to next page
2025-05-22 23:41:06,101 - INFO - Extracting reviews from page 2
2025-05-22 23:41:06,138 - INFO - Found 10 reviews using selector: .review
2025-05-22 23:41:06,138 - INFO - Found 10 reviews on current page
2025-05-22 23:41:06,298 - INFO - Extracted review: Not so impressive as 1st an iPhone.
2025-05-22 23:41:06,429 - INFO - Extracted review: Photo quality of camera is not good
2025-05-22 23:41:06,566 - INFO - Extracted review: Loved it
2025-05-22 23:41:06,691 - INFO - Extracted review: Awesome
2025-05-22 23:41:06,819 - INFO - Extracted review: JUST GO FOR IT!
2025-05-22 23:41:06,941 - INFO - Extracted review: Value for money with Genuine product
2025-05-22 23:41:07,089 - INFO - Extracted review: Best till now
2025-05-22 23:41:07,212 - INFO - Extracted review: Best phone
2025-05-22 23:41:07,336 - INFO - Extracted review: Delivery bad
2025-05-22 23:41:07,458 - INFO - Extracted review: Great phone
2025-05-22 23:41:07,459 - INFO - Extracted 10 reviews from page 2, 0 duplicates removed. Total unique reviews: 20
2025-05-22 23:41:07,601 - INFO - Saved screenshot to reviews/reviews_page_2_20250522_234107.png
2025-05-22 23:41:07,601 - INFO - Reached maximum page limit (2)
2025-05-22 23:41:07,602 - INFO - Total unique reviews extracted: 20
2025-05-22 23:41:11,083 - INFO - Sentiment analysis: {'positive': 16, 'negative': 2, 'neutral': 1}
2025-05-22 23:41:11,106 - INFO - Sentiment analysis: {'positive': 16, 'negative': 2, 'neutral': 1}
2025-05-22 23:41:11,110 - INFO - Reviews saved to: reviews\amazon_reviews_B0DGJH94KM_20250522_234111.json with sentiment analysis: {'positive': 16, 'negative': 2, 'neutral': 1}
2025-05-22 23:41:11,147 - INFO - Updated reviews\amazon_reviews_B0DGJH94KM_20250522_234111.json with summary
2025-05-22 23:41:11,148 - INFO - Reviews saved to: reviews\amazon_reviews_B0DGJH94KM_20250522_234111.json
2025-05-22 23:41:13,509 - INFO - WebDriver closed successfully
2025-05-22 23:43:38,745 - INFO - Starting Amazon Review Extractor
2025-05-22 23:43:38,756 - INFO - Setting up WebDriver...
2025-05-22 23:43:38,759 - INFO - Python architecture: 64bit, System architecture: 64bit
2025-05-22 23:43:38,760 - INFO - Ensuring 64-bit ChromeDriver for 64-bit system...
2025-05-22 23:43:41,712 - INFO - WebDriver setup completed successfully
2025-05-22 23:43:41,713 - INFO - Generated reviews URL: https://www.amazon.in/product-reviews/B0DGJH94KM
2025-05-22 23:43:41,714 - INFO - Attempt 1/5: Navigating to product reviews page URL: https://www.amazon.in/product-reviews/B0DGJH94KM
2025-05-22 23:44:27,305 - INFO - Successfully verified reviews page using selector: #cm_cr-review_list
2025-05-22 23:44:27,305 - INFO - Extracting reviews from page 1
2025-05-22 23:44:27,371 - INFO - Found 10 reviews using selector: .review
2025-05-22 23:44:27,372 - INFO - Found 10 reviews on current page
2025-05-22 23:44:27,648 - INFO - Extracted review: Excellent
2025-05-22 23:44:27,849 - INFO - Extracted review: Good product
2025-05-22 23:44:28,059 - INFO - Extracted review: Everything
2025-05-22 23:44:28,293 - INFO - Extracted review: Buy Only if Coming from iPhone 13 or earlier
2025-05-22 23:44:28,488 - INFO - Extracted review: Great phone but poor customer service of seller
2025-05-22 23:44:28,680 - INFO - Extracted review: Smooth purchase, minor hiccups with the trade in.
2025-05-22 23:44:28,891 - INFO - Extracted review: A Sleek Upgrade Experience
2025-05-22 23:44:29,080 - INFO - Extracted review: Best iPhone with pro camera button
2025-05-22 23:44:29,262 - INFO - Extracted review: Amazing
2025-05-22 23:44:29,453 - INFO - Extracted review: Ncy
2025-05-22 23:44:29,455 - INFO - Extracted 10 reviews from page 1, 0 duplicates removed. Total unique reviews: 10
2025-05-22 23:44:29,634 - INFO - Saved screenshot to reviews/reviews_page_1_20250522_234429.png
2025-05-22 23:44:29,635 - INFO - Reached maximum page limit (1)
2025-05-22 23:44:29,636 - INFO - Total unique reviews extracted: 10
2025-05-22 23:44:33,542 - INFO - Sentiment analysis: {'positive': 9, 'negative': 1, 'neutral': 0}
2025-05-22 23:44:33,563 - INFO - Sentiment analysis: {'positive': 9, 'negative': 1, 'neutral': 0}
2025-05-22 23:44:33,567 - INFO - Reviews saved to: reviews\amazon_reviews_B0DGJH94KM_20250522_234433.json with sentiment analysis: {'positive': 9, 'negative': 1, 'neutral': 0}
2025-05-22 23:44:33,590 - INFO - Updated reviews\amazon_reviews_B0DGJH94KM_20250522_234433.json with summary
2025-05-22 23:44:33,592 - INFO - Reviews saved to: reviews\amazon_reviews_B0DGJH94KM_20250522_234433.json
2025-05-22 23:44:35,789 - INFO - WebDriver closed successfully
