2025-05-21 15:37:04,886 - INFO - Setting up WebDriver...
2025-05-21 15:37:04,895 - INFO - Python architecture: 64bit, System architecture: 64bit
2025-05-21 15:37:04,895 - INFO - Ensuring 64-bit ChromeDriver for 64-bit system...
2025-05-21 15:37:08,698 - INFO - WebDriver setup completed successfully
2025-05-21 15:37:08,698 - INFO - Generated reviews URL: https://www.amazon.in/product-reviews/B0DGHZWBYB
2025-05-21 15:37:08,698 - INFO - Attempt 1/5: Navigating to product reviews page URL: https://www.amazon.in/product-reviews/B0DGHZWBYB
2025-05-21 15:37:59,185 - INFO - Successfully verified reviews page using selector: #cm_cr-review_list
2025-05-21 15:37:59,193 - INFO - Extracting reviews from page 1
2025-05-21 15:37:59,267 - INFO - Found 10 reviews using selector: .review
2025-05-21 15:37:59,267 - INFO - Found 10 reviews on current page
2025-05-21 15:37:59,607 - INFO - Extracted review: Lightweight and high quality
2025-05-21 15:37:59,869 - INFO - Extracted review: Recent iPhone 16 review...!! Good buy
2025-05-21 15:38:00,173 - INFO - Extracted review: Good Phone
2025-05-21 15:38:00,468 - INFO - Extracted review: Best iPhone so far.
2025-05-21 15:38:00,757 - INFO - Extracted review: Good
2025-05-21 15:38:01,004 - INFO - Extracted review: Poor Seller Experience
2025-05-21 15:38:01,302 - INFO - Extracted review: Best one
2025-05-21 15:38:01,570 - INFO - Extracted review: Extraordinary
2025-05-21 15:38:01,859 - INFO - Extracted review: Worst packaging
2025-05-21 15:38:02,258 - INFO - Extracted review: Guaranty paper???
2025-05-21 15:38:02,258 - INFO - Found 10 reviews on current page
2025-05-21 15:38:02,267 - INFO - Extracted 10 reviews from page 1, 0 duplicates removed. Total unique reviews: 10
2025-05-21 15:38:02,550 - INFO - Saved screenshot to reviews\reviews_page_1_20250521_153802.png
2025-05-21 15:38:02,600 - INFO - Found next page link using selector 'li.a-last a': https://www.amazon.in/iPhone-16-128-GB-Control/product-reviews/B0DGHZWBYB/ref=cm_cr_arp_d_paging_btm_2?ie=UTF8&pageNumber=2
2025-05-21 15:38:02,600 - INFO - Attempt 1/5: Navigating to next reviews page URL: https://www.amazon.in/iPhone-16-128-GB-Control/product-reviews/B0DGHZWBYB/ref=cm_cr_arp_d_paging_btm_2?ie=UTF8&pageNumber=2
2025-05-21 15:38:47,539 - INFO - Successfully verified reviews page using selector: #cm_cr-review_list
2025-05-21 15:38:47,539 - INFO - Extracting reviews from page 2
2025-05-21 15:38:47,581 - INFO - Found 10 reviews using selector: .review
2025-05-21 15:38:47,581 - INFO - Found 10 reviews on current page
2025-05-21 15:38:47,832 - INFO - Extracted review: Lightweight and high quality
2025-05-21 15:38:48,090 - INFO - Extracted review: Recent iPhone 16 review...!! Good buy
2025-05-21 15:38:48,345 - INFO - Extracted review: Good Phone
2025-05-21 15:38:48,604 - INFO - Extracted review: Best iPhone so far.
2025-05-21 15:38:48,919 - INFO - Extracted review: Good
2025-05-21 15:38:49,196 - INFO - Extracted review: Poor Seller Experience
2025-05-21 15:38:49,435 - INFO - Extracted review: Best one
2025-05-21 15:38:49,679 - INFO - Extracted review: Extraordinary
2025-05-21 15:38:49,905 - INFO - Extracted review: Worst packaging
2025-05-21 15:38:50,174 - INFO - Extracted review: Guaranty paper???
2025-05-21 15:38:50,174 - INFO - Found 10 reviews on current page
2025-05-21 15:38:50,174 - INFO - Extracted 10 reviews from page 2, 0 duplicates removed. Total unique reviews: 20
2025-05-21 15:38:50,313 - INFO - Saved screenshot to reviews\reviews_page_2_20250521_153850.png
2025-05-21 15:38:50,313 - INFO - Reached requested number of reviews (15)
2025-05-21 15:38:50,327 - INFO - Total unique reviews extracted: 15
2025-05-21 15:38:52,743 - ERROR - Error analyzing sentiment for batch: Expecting value: line 1 column 1 (char 0)
2025-05-21 15:38:53,692 - ERROR - Error analyzing sentiment for batch: Expecting value: line 1 column 1 (char 0)
2025-05-21 15:38:53,692 - INFO - Sentiment analysis: {'positive': 1, 'negative': 0, 'neutral': 14}
2025-05-21 15:38:55,775 - INFO - Reviews saved to: reviews\amazon_reviews_B0DGHZWBYB_20250521_153855.json with sentiment analysis: {'positive': 1, 'negative': 0, 'neutral': 14}
2025-05-21 15:38:59,736 - INFO - WebDriver closed successfully
