2025-05-22 01:23:15,963 - INFO - Starting Amazon Review Extractor
2025-05-22 01:23:15,963 - INFO - Setting up WebDriver...
2025-05-22 01:23:15,963 - INFO - Python architecture: 64bit, System architecture: 64bit
2025-05-22 01:23:15,963 - INFO - Ensuring 64-bit ChromeDriver for 64-bit system...
2025-05-22 01:23:18,814 - INFO - WebDriver setup completed successfully
2025-05-22 01:23:18,814 - INFO - Generated reviews URL: https://www.amazon.in/product-reviews/B0C4Q5HNMH
2025-05-22 01:23:18,815 - INFO - Attempt 1/5: Navigating to product reviews page URL: https://www.amazon.in/product-reviews/B0C4Q5HNMH
2025-05-22 01:24:04,018 - INFO - Successfully verified reviews page using selector: #cm_cr-review_list
2025-05-22 01:24:04,018 - INFO - Extracting reviews from page 1
2025-05-22 01:24:04,091 - INFO - Found 10 reviews using selector: .review
2025-05-22 01:24:04,091 - INFO - Found 10 reviews on current page
2025-05-22 01:24:04,379 - INFO - Extracted review: Stylish and Feature-Packed Smartwatch
2025-05-22 01:24:04,623 - INFO - Extracted review: This watch is amazing
2025-05-22 01:24:04,834 - INFO - Extracted review: Product Review: NoiseFit Halo 2 Smartwatch – 5 Stars!
2025-05-22 01:24:05,045 - INFO - Extracted review: Perfect watch
2025-05-22 01:24:05,210 - INFO - Extracted review: Best at the price range
2025-05-22 01:24:05,379 - INFO - Extracted review: A look
2025-05-22 01:24:05,523 - INFO - Extracted review: Excellent watch
2025-05-22 01:24:05,691 - INFO - Extracted review: Look premium But no functionality
2025-05-22 01:24:05,890 - INFO - Extracted review: Working is Out standing , just do little focus on shining on metele
2025-05-22 01:24:06,077 - INFO - Extracted review: Super 👍
2025-05-22 01:24:06,078 - INFO - Extracted 10 reviews from page 1, 0 duplicates removed. Total unique reviews: 10
2025-05-22 01:24:06,328 - INFO - Saved screenshot to reviews/reviews_page_1_20250522_012406.png
2025-05-22 01:24:51,734 - INFO - Successfully navigated to next page
2025-05-22 01:24:54,482 - INFO - Extracting reviews from page 2
2025-05-22 01:24:54,530 - INFO - Found 10 reviews using selector: .review
2025-05-22 01:24:54,530 - INFO - Found 10 reviews on current page
2025-05-22 01:24:54,746 - INFO - Extracted review: Awesome
2025-05-22 01:24:54,945 - INFO - Extracted review: Charge
2025-05-22 01:24:55,148 - INFO - Extracted review: Over-all superb
2025-05-22 01:24:55,346 - INFO - Extracted review: Gud degion...
2025-05-22 01:24:55,541 - INFO - Extracted review: Value for money
2025-05-22 01:24:55,724 - INFO - Extracted review: LESS WATCH FACES
2025-05-22 01:24:55,926 - INFO - Extracted review: Nice
2025-05-22 01:24:56,162 - INFO - Extracted review: Good go for Begineer
2025-05-22 01:24:56,328 - INFO - Extracted review: Excellent watch (or Smartwatch)
2025-05-22 01:24:56,506 - INFO - Extracted review: Very nice happy with this
2025-05-22 01:24:56,506 - INFO - Extracted 10 reviews from page 2, 0 duplicates removed. Total unique reviews: 20
2025-05-22 01:24:56,709 - INFO - Saved screenshot to reviews/reviews_page_2_20250522_012456.png
2025-05-22 01:24:56,709 - INFO - Reached maximum page limit (2)
2025-05-22 01:24:56,714 - INFO - Total unique reviews extracted: 20
2025-05-22 01:25:00,240 - INFO - Sentiment analysis: {'positive': 17, 'negative': 0, 'neutral': 1}
2025-05-22 01:25:00,256 - INFO - Sentiment analysis: {'positive': 17, 'negative': 0, 'neutral': 1}
2025-05-22 01:25:00,272 - INFO - Reviews saved to: reviews\amazon_reviews_B0C4Q5HNMH_20250522_012500.json with sentiment analysis: {'positive': 17, 'negative': 0, 'neutral': 1}
2025-05-22 01:25:00,292 - INFO - Updated reviews\amazon_reviews_B0C4Q5HNMH_20250522_012500.json with summary
2025-05-22 01:25:00,292 - INFO - Reviews saved to: reviews\amazon_reviews_B0C4Q5HNMH_20250522_012500.json
2025-05-22 01:25:02,489 - INFO - WebDriver closed successfully
