2025-05-21 16:17:14,468 - INFO - Setting up WebDriver...
2025-05-21 16:17:14,469 - INFO - Python architecture: 64bit, System architecture: 64bit
2025-05-21 16:17:14,470 - INFO - Ensuring 64-bit ChromeDriver for 64-bit system...
2025-05-21 16:17:17,538 - INFO - WebDriver setup completed successfully
2025-05-21 16:17:17,538 - INFO - Generated reviews URL: https://www.amazon.in/product-reviews/B0DGHZWBYB
2025-05-21 16:17:17,538 - INFO - Attempt 1/5: Navigating to product reviews page URL: https://www.amazon.in/product-reviews/B0DGHZWBYB
2025-05-21 16:18:04,496 - INFO - Successfully verified reviews page using selector: #cm_cr-review_list
2025-05-21 16:18:04,496 - INFO - Extracting reviews from page 1
2025-05-21 16:18:04,596 - INFO - Found 10 reviews using selector: .review
2025-05-21 16:18:04,596 - INFO - Found 10 reviews on current page
2025-05-21 16:18:05,070 - INFO - Extracted review: Lightweight and high quality
2025-05-21 16:18:05,427 - INFO - Extracted review: Recent iPhone 16 review...!! Good buy
2025-05-21 16:18:05,763 - INFO - Extracted review: Good Phone
2025-05-21 16:18:06,094 - INFO - Extracted review: Best iPhone so far.
2025-05-21 16:18:06,419 - INFO - Extracted review: Good
2025-05-21 16:18:06,748 - INFO - Extracted review: Poor Seller Experience
2025-05-21 16:18:07,042 - INFO - Extracted review: Best one
2025-05-21 16:18:07,342 - INFO - Extracted review: Extraordinary
2025-05-21 16:18:07,656 - INFO - Extracted review: Worst packaging
2025-05-21 16:18:08,008 - INFO - Extracted review: Guaranty paper???
2025-05-21 16:18:08,008 - INFO - Found 10 reviews on current page
2025-05-21 16:18:08,008 - INFO - Extracted 10 reviews from page 1, 0 duplicates removed. Total unique reviews: 10
2025-05-21 16:18:08,225 - INFO - Saved screenshot to reviews\reviews_page_1_20250521_161808.png
2025-05-21 16:18:08,225 - INFO - Reached requested number of reviews (10)
2025-05-21 16:18:08,237 - INFO - Total unique reviews extracted: 10
2025-05-21 16:18:08,276 - INFO - Sentiment analysis: {'positive': 6, 'negative': 3, 'neutral': 1}
2025-05-21 16:18:11,541 - INFO - Reviews saved to: reviews\amazon_reviews_B0DGHZWBYB_20250521_161811.json with sentiment analysis: {'positive': 6, 'negative': 3, 'neutral': 1}
2025-05-21 16:18:13,832 - INFO - WebDriver closed successfully
