2025-05-17 11:56:33,165 - INFO - Starting Amazon Review Extractor
2025-05-17 11:56:33,165 - INFO - Setting up WebDriver...
2025-05-17 11:56:35,959 - INFO - WebDriver setup completed successfully
2025-05-17 11:56:35,959 - INFO - Generated reviews URL: https://www.amazon.in/product-reviews/B0DGJH94KM
2025-05-17 11:56:35,959 - INFO - Attempt 1/5: Navigating to product reviews page URL: https://www.amazon.in/product-reviews/B0DGJH94KM
2025-05-17 11:57:22,929 - INFO - Successfully verified reviews page using selector: #cm_cr-review_list
2025-05-17 11:57:22,929 - INFO - Extracting reviews from page 1
2025-05-17 11:57:23,022 - INFO - Found 10 reviews using selector: .review
2025-05-17 11:57:23,022 - INFO - Found 10 reviews on current page
2025-05-17 11:57:23,427 - INFO - Extracted review: Excellent
2025-05-17 11:57:23,739 - INFO - Extracted review: Good product
2025-05-17 11:57:24,030 - INFO - Extracted review: Everything
2025-05-17 11:57:24,354 - INFO - Extracted review: Buy Only if Coming from iPhone 13 or earlier
2025-05-17 11:57:24,654 - INFO - Extracted review: Great phone but poor customer service of seller
2025-05-17 11:57:24,965 - INFO - Extracted review: Smooth purchase, minor hiccups with the trade in.
2025-05-17 11:57:25,330 - INFO - Extracted review: A Sleek Upgrade Experience
2025-05-17 11:57:25,637 - INFO - Extracted review: Best iPhone with pro camera button
2025-05-17 11:57:25,937 - INFO - Extracted review: Amazing
2025-05-17 11:57:26,241 - INFO - Extracted review: Ncy
2025-05-17 11:57:26,241 - INFO - Extracted 10 reviews from page 1. Total reviews: 10
2025-05-17 11:57:26,434 - INFO - Saved screenshot to reviews/reviews_page_1_20250517_115726.png
2025-05-17 11:57:26,488 - INFO - Found next button using selector: li.a-last a
2025-05-17 11:57:27,553 - INFO - Navigating to next page URL: https://www.amazon.in/iPhone-16-Pro-128-GB/product-reviews/B0DGJH94KM/ref=cm_cr_arp_d_paging_btm_2?ie=UTF8&pageNumber=2
2025-05-17 11:57:27,555 - INFO - Attempt 1/5: Navigating to next reviews page URL: https://www.amazon.in/iPhone-16-Pro-128-GB/product-reviews/B0DGJH94KM/ref=cm_cr_arp_d_paging_btm_2?ie=UTF8&pageNumber=2
2025-05-17 11:58:13,364 - INFO - Successfully verified reviews page using selector: #cm_cr-review_list
2025-05-17 11:58:17,143 - INFO - Extracting reviews from page 2
2025-05-17 11:58:17,207 - INFO - Found 10 reviews using selector: .review
2025-05-17 11:58:17,207 - INFO - Found 10 reviews on current page
2025-05-17 11:58:17,510 - INFO - Extracted review: Excellent
2025-05-17 11:58:17,811 - INFO - Extracted review: Good product
2025-05-17 11:58:18,112 - INFO - Extracted review: Everything
2025-05-17 11:58:18,493 - INFO - Extracted review: Buy Only if Coming from iPhone 13 or earlier
2025-05-17 11:58:18,818 - INFO - Extracted review: Great phone but poor customer service of seller
2025-05-17 11:58:19,126 - INFO - Extracted review: Smooth purchase, minor hiccups with the trade in.
2025-05-17 11:58:19,492 - INFO - Extracted review: A Sleek Upgrade Experience
2025-05-17 11:58:19,792 - INFO - Extracted review: Best iPhone with pro camera button
2025-05-17 11:58:20,109 - INFO - Extracted review: Amazing
2025-05-17 11:58:20,440 - INFO - Extracted review: Ncy
2025-05-17 11:58:20,441 - INFO - Extracted 10 reviews from page 2. Total reviews: 20
2025-05-17 11:58:20,639 - INFO - Saved screenshot to reviews/reviews_page_2_20250517_115820.png
2025-05-17 11:58:20,639 - INFO - Reached maximum page limit (2)
2025-05-17 11:58:20,641 - INFO - Total reviews extracted: 20
2025-05-17 11:58:25,072 - INFO - Sentiment analysis: {'positive': 18, 'negative': 2, 'neutral': 0}
2025-05-17 11:58:25,072 - INFO - Sentiment analysis: {'positive': 18, 'negative': 2, 'neutral': 0}
2025-05-17 11:58:25,086 - INFO - Reviews saved to: reviews\amazon_reviews_B0DGJH94KM_20250517_115825.json with sentiment analysis: {'positive': 18, 'negative': 2, 'neutral': 0}
2025-05-17 11:58:25,104 - INFO - Updated reviews\amazon_reviews_B0DGJH94KM_20250517_115825.json with summary
2025-05-17 11:58:25,104 - INFO - Reviews saved to: reviews\amazon_reviews_B0DGJH94KM_20250517_115825.json
2025-05-17 11:58:27,347 - INFO - WebDriver closed successfully
