2025-05-21 16:20:15,870 - INFO - Setting up WebDriver...
2025-05-21 16:20:15,880 - INFO - Python architecture: 64bit, System architecture: 64bit
2025-05-21 16:20:15,880 - INFO - Ensuring 64-bit ChromeDriver for 64-bit system...
2025-05-21 16:20:18,690 - INFO - WebDriver setup completed successfully
2025-05-21 16:20:18,698 - INFO - Generated reviews URL: https://www.amazon.in/product-reviews/B0DGHZWBYB
2025-05-21 16:20:18,698 - INFO - Attempt 1/5: Navigating to product reviews page URL: https://www.amazon.in/product-reviews/B0DGHZWBYB
2025-05-21 16:21:05,359 - INFO - Successfully verified reviews page using selector: #cm_cr-review_list
2025-05-21 16:21:05,359 - INFO - Extracting reviews from page 1
2025-05-21 16:21:05,429 - INFO - Found 10 reviews using selector: .review
2025-05-21 16:21:05,429 - INFO - Found 10 reviews on current page
2025-05-21 16:21:05,800 - INFO - Extracted review: Lightweight and high quality
2025-05-21 16:21:06,134 - INFO - Extracted review: Recent iPhone 16 review...!! Good buy
2025-05-21 16:21:06,395 - INFO - Extracted review: Good Phone
2025-05-21 16:21:06,655 - INFO - Extracted review: Best iPhone so far.
2025-05-21 16:21:06,911 - INFO - Extracted review: Good
2025-05-21 16:21:07,197 - INFO - Extracted review: Poor Seller Experience
2025-05-21 16:21:07,448 - INFO - Extracted review: Best one
2025-05-21 16:21:07,661 - INFO - Extracted review: Extraordinary
2025-05-21 16:21:07,793 - INFO - Extracted review: Worst packaging
2025-05-21 16:21:07,952 - INFO - Extracted review: Guaranty paper???
2025-05-21 16:21:07,952 - INFO - Found 10 reviews on current page
2025-05-21 16:21:07,952 - INFO - Extracted 10 reviews from page 1, 0 duplicates removed. Total unique reviews: 10
2025-05-21 16:21:08,077 - INFO - Saved screenshot to reviews\reviews_page_1_20250521_162107.png
2025-05-21 16:21:08,084 - INFO - Reached requested number of reviews (10)
2025-05-21 16:21:08,084 - INFO - Total unique reviews extracted: 10
2025-05-21 16:21:08,100 - INFO - Sentiment analysis: {'positive': 6, 'negative': 3, 'neutral': 1}
2025-05-21 16:21:10,767 - INFO - Reviews saved to: reviews\amazon_reviews_B0DGHZWBYB_20250521_162110.json with sentiment analysis: {'positive': 6, 'negative': 3, 'neutral': 1}
2025-05-21 16:21:12,929 - INFO - WebDriver closed successfully
