2025-05-21 14:22:25,947 - INFO - Setting up WebDriver...
2025-05-21 14:22:25,947 - INFO - Python architecture: 64bit, System architecture: 64bit
2025-05-21 14:22:25,947 - INFO - Ensuring 64-bit ChromeDriver for 64-bit system...
2025-05-21 14:22:29,090 - INFO - WebDriver setup completed successfully
2025-05-21 14:22:29,091 - INFO - Generated reviews URL: https://www.amazon.in/product-reviews/B0DGHZWBYB
2025-05-21 14:22:29,092 - INFO - Attempt 1/5: Navigating to product reviews page URL: https://www.amazon.in/product-reviews/B0DGHZWBYB
2025-05-21 14:23:15,221 - INFO - Successfully verified reviews page using selector: #cm_cr-review_list
2025-05-21 14:23:15,221 - INFO - Extracting reviews from page 1
2025-05-21 14:23:15,285 - INFO - Found 10 reviews using selector: .review
2025-05-21 14:23:15,285 - INFO - Found 10 reviews on current page
2025-05-21 14:23:15,549 - INFO - Extracted review: Lightweight and high quality
2025-05-21 14:23:15,739 - INFO - Extracted review: Recent iPhone 16 review...!! Good buy
2025-05-21 14:23:15,919 - INFO - Extracted review: Good Phone
2025-05-21 14:23:16,121 - INFO - Extracted review: Best iPhone so far.
2025-05-21 14:23:16,320 - INFO - Extracted review: Good
2025-05-21 14:23:16,503 - INFO - Extracted review: Poor Seller Experience
2025-05-21 14:23:16,693 - INFO - Extracted review: Best one
2025-05-21 14:23:16,868 - INFO - Extracted review: Extraordinary
2025-05-21 14:23:17,031 - INFO - Extracted review: Worst packaging
2025-05-21 14:23:17,236 - INFO - Extracted review: Guaranty paper???
2025-05-21 14:23:17,236 - INFO - Found 10 reviews on current page
2025-05-21 14:23:17,236 - INFO - Extracted 10 reviews from page 1, 0 duplicates removed. Total unique reviews: 10
2025-05-21 14:23:17,388 - INFO - Saved screenshot to reviews\reviews_page_1_20250521_142317.png
2025-05-21 14:23:17,420 - INFO - Found next page link: https://www.amazon.in/iPhone-16-128-GB-Control/product-reviews/B0DGHZWBYB/ref=cm_cr_arp_d_paging_btm_2?ie=UTF8&pageNumber=2
2025-05-21 14:23:22,329 - INFO - Successfully navigated to next page
2025-05-21 14:23:22,330 - INFO - Extracting reviews from page 2
2025-05-21 14:23:22,366 - INFO - Found 10 reviews using selector: .review
2025-05-21 14:23:22,366 - INFO - Found 10 reviews on current page
2025-05-21 14:23:22,533 - INFO - Extracted review: Lightweight and high quality
2025-05-21 14:23:22,675 - INFO - Extracted review: Recent iPhone 16 review...!! Good buy
2025-05-21 14:23:22,814 - INFO - Extracted review: Good Phone
2025-05-21 14:23:23,038 - INFO - Extracted review: Best iPhone so far.
2025-05-21 14:23:23,187 - INFO - Extracted review: Good
2025-05-21 14:23:23,328 - INFO - Extracted review: Poor Seller Experience
2025-05-21 14:23:23,473 - INFO - Extracted review: Best one
2025-05-21 14:23:23,620 - INFO - Extracted review: Extraordinary
2025-05-21 14:23:23,748 - INFO - Extracted review: Worst packaging
2025-05-21 14:23:23,895 - INFO - Extracted review: Guaranty paper???
2025-05-21 14:23:23,896 - INFO - Found 10 reviews on current page
2025-05-21 14:23:23,898 - INFO - Extracted 10 reviews from page 2, 0 duplicates removed. Total unique reviews: 20
2025-05-21 14:23:24,053 - INFO - Saved screenshot to reviews\reviews_page_2_20250521_142323.png
2025-05-21 14:23:24,054 - INFO - Reached requested number of reviews (12)
2025-05-21 14:23:24,055 - INFO - Total unique reviews extracted: 12
2025-05-21 14:23:26,163 - ERROR - Error analyzing sentiment for batch: Expecting value: line 1 column 1 (char 0)
2025-05-21 14:23:26,895 - INFO - Sentiment analysis: {'positive': 3, 'negative': 0, 'neutral': 9}
2025-05-21 14:23:29,345 - INFO - Reviews saved to: reviews\amazon_reviews_B0DGHZWBYB_20250521_142329.json with sentiment analysis: {'positive': 3, 'negative': 0, 'neutral': 9}
2025-05-21 14:23:31,523 - INFO - WebDriver closed successfully
