2025-04-26 13:12:02,689 - INFO - Starting Amazon Review Extractor
2025-04-26 13:12:02,689 - INFO - Setting up WebDriver...
2025-04-26 13:12:05,772 - INFO - WebDriver setup completed successfully
2025-04-26 13:12:05,773 - INFO - Generated reviews URL: https://www.amazon.in/product-reviews/B0DGJC8DG8
2025-04-26 13:12:05,773 - INFO - Attempt 1/5: Navigating to product reviews page URL: https://www.amazon.in/product-reviews/B0DGJC8DG8
2025-04-26 13:13:29,797 - INFO - On reviews page based on URL, though review elements not found. URL: https://www.amazon.in/ap/signin?openid.pape.max_auth_age=3600&openid.return_to=https%3A%2F%2Fwww.amazon.in%2Fproduct-reviews%2FB0DGJC8DG8&openid.identity=http%3A%2F%2Fspecs.openid.net%2Fauth%2F2.0%2Fidentifier_select&openid.assoc_handle=inflex&openid.mode=checkid_setup&language=en_IN&openid.claimed_id=http%3A%2F%2Fspecs.openid.net%2Fauth%2F2.0%2Fidentifier_select&openid.ns=http%3A%2F%2Fspecs.openid.net%2Fauth%2F2.0
2025-04-26 13:13:30,084 - INFO - Saved screenshot to reviews/reviews_page_20250426_131329.png
2025-04-26 13:13:30,085 - INFO - Starting extraction with max_pages set to: 2
2025-04-26 13:13:30,087 - INFO - Extracting reviews from page 1
2025-04-26 13:13:30,476 - WARNING - No reviews found on current page. Saved screenshot to no_reviews_found_20250426_131330.png
2025-04-26 13:13:30,520 - INFO - Saved page source to review_page_source_20250426_131330.html
2025-04-26 13:13:30,521 - INFO - Extracted 0 reviews from page 1. Total reviews: 0
2025-04-26 13:13:30,840 - INFO - Saved screenshot to reviews/reviews_page_1_20250426_131330.png
2025-04-26 13:13:31,007 - INFO - No next page button found and no indication of more pages
2025-04-26 13:13:31,007 - INFO - No more review pages available
2025-04-26 13:13:31,008 - INFO - Completed extraction. Total pages processed: 1
2025-04-26 13:13:31,010 - INFO - Total reviews extracted: 0
2025-04-26 13:13:31,010 - INFO - Sentiment analysis: {'positive': 0, 'negative': 0, 'neutral': 0}
2025-04-26 13:13:31,013 - INFO - Reviews saved to: reviews\amazon_reviews_B0DGJC8DG820250426131331.json with sentiment analysis: {'positive': 0, 'negative': 0, 'neutral': 0}
2025-04-26 13:13:31,014 - INFO - Reviews saved to: reviews\amazon_reviews_B0DGJC8DG820250426131331.json
2025-04-26 13:13:33,170 - INFO - WebDriver closed successfully
