2025-05-21 16:46:33,480 - INFO - Setting up WebDriver...
2025-05-21 16:46:33,488 - INFO - Python architecture: 64bit, System architecture: 64bit
2025-05-21 16:46:33,491 - INFO - Ensuring 64-bit ChromeDriver for 64-bit system...
2025-05-21 16:46:36,829 - INFO - WebDriver setup completed successfully
2025-05-21 16:46:36,834 - INFO - Generated reviews URL: https://www.amazon.in/product-reviews/B0DGHZWBYB
2025-05-21 16:46:36,834 - INFO - Attempt 1/5: Navigating to product reviews page URL: https://www.amazon.in/product-reviews/B0DGHZWBYB
2025-05-21 16:47:22,334 - INFO - Successfully verified reviews page using selector: #cm_cr-review_list
2025-05-21 16:47:22,334 - INFO - Extracting reviews from page 1
2025-05-21 16:47:22,434 - INFO - Found 10 reviews using selector: .review
2025-05-21 16:47:22,434 - INFO - Found 10 reviews on current page
2025-05-21 16:47:22,863 - INFO - Extracted review: Lightweight and high quality
2025-05-21 16:47:23,185 - INFO - Extracted review: Recent iPhone 16 review...!! Good buy
2025-05-21 16:47:23,500 - INFO - Extracted review: Good Phone
2025-05-21 16:47:23,857 - INFO - Extracted review: Best iPhone so far.
2025-05-21 16:47:24,194 - INFO - Extracted review: Good
2025-05-21 16:47:24,514 - INFO - Extracted review: Poor Seller Experience
2025-05-21 16:47:24,815 - INFO - Extracted review: Best one
2025-05-21 16:47:25,118 - INFO - Extracted review: Extraordinary
2025-05-21 16:47:25,398 - INFO - Extracted review: Worst packaging
2025-05-21 16:47:25,767 - INFO - Extracted review: Guaranty paper???
2025-05-21 16:47:25,776 - INFO - Found 10 reviews on current page
2025-05-21 16:47:25,777 - INFO - Extracted 10 new unique reviews from page 1, 0 duplicates removed. Total unique reviews: 10
2025-05-21 16:47:26,149 - INFO - Saved screenshot to reviews\reviews_page_1_20250521_164725.png
2025-05-21 16:47:26,209 - INFO - Found next page link using selector 'li.a-last a': https://www.amazon.in/iPhone-16-128-GB-Control/product-reviews/B0DGHZWBYB/ref=cm_cr_arp_d_paging_btm_2?ie=UTF8&pageNumber=2
2025-05-21 16:47:26,209 - INFO - Attempt 1/5: Navigating to next reviews page URL: https://www.amazon.in/iPhone-16-128-GB-Control/product-reviews/B0DGHZWBYB/ref=cm_cr_arp_d_paging_btm_2?ie=UTF8&pageNumber=2
2025-05-21 16:48:11,411 - INFO - Successfully verified reviews page using selector: #cm_cr-review_list
2025-05-21 16:48:11,411 - INFO - Extracting reviews from page 2
2025-05-21 16:48:11,474 - INFO - Found 10 reviews using selector: .review
2025-05-21 16:48:11,474 - INFO - Found 10 reviews on current page
2025-05-21 16:48:11,861 - INFO - Extracted review: Lightweight and high quality
2025-05-21 16:48:12,202 - INFO - Extracted review: Recent iPhone 16 review...!! Good buy
2025-05-21 16:48:12,561 - INFO - Extracted review: Good Phone
2025-05-21 16:48:12,909 - INFO - Extracted review: Best iPhone so far.
2025-05-21 16:48:13,262 - INFO - Extracted review: Good
2025-05-21 16:48:13,609 - INFO - Extracted review: Poor Seller Experience
2025-05-21 16:48:13,958 - INFO - Extracted review: Best one
2025-05-21 16:48:14,291 - INFO - Extracted review: Extraordinary
2025-05-21 16:48:14,625 - INFO - Extracted review: Worst packaging
2025-05-21 16:48:14,974 - INFO - Extracted review: Guaranty paper???
2025-05-21 16:48:14,974 - INFO - Found 10 reviews on current page
2025-05-21 16:48:14,974 - INFO - Extracted 0 new unique reviews from page 2, 10 duplicates removed. Total unique reviews: 10
2025-05-21 16:48:15,124 - INFO - Saved screenshot to reviews\reviews_page_2_20250521_164814.png
2025-05-21 16:48:15,174 - INFO - Found next page link using selector 'li.a-last a': https://www.amazon.in/iPhone-16-128-GB-Control/product-reviews/B0DGHZWBYB/ref=cm_cr_arp_d_paging_btm_2?ie=UTF8&pageNumber=2
2025-05-21 16:48:15,174 - INFO - Attempt 1/5: Navigating to next reviews page URL: https://www.amazon.in/iPhone-16-128-GB-Control/product-reviews/B0DGHZWBYB/ref=cm_cr_arp_d_paging_btm_2?ie=UTF8&pageNumber=2
2025-05-21 16:48:59,901 - INFO - Successfully verified reviews page using selector: #cm_cr-review_list
2025-05-21 16:48:59,901 - INFO - Extracting reviews from page 3
2025-05-21 16:49:00,078 - INFO - Found 10 reviews using selector: .review
2025-05-21 16:49:00,078 - INFO - Found 10 reviews on current page
2025-05-21 16:49:00,377 - INFO - Extracted review: Lightweight and high quality
2025-05-21 16:49:00,670 - INFO - Extracted review: Recent iPhone 16 review...!! Good buy
2025-05-21 16:49:00,991 - INFO - Extracted review: Good Phone
2025-05-21 16:49:01,302 - INFO - Extracted review: Best iPhone so far.
2025-05-21 16:49:01,593 - INFO - Extracted review: Good
2025-05-21 16:49:01,882 - INFO - Extracted review: Poor Seller Experience
2025-05-21 16:49:02,179 - INFO - Extracted review: Best one
2025-05-21 16:49:02,469 - INFO - Extracted review: Extraordinary
2025-05-21 16:49:02,713 - INFO - Extracted review: Worst packaging
2025-05-21 16:49:03,050 - INFO - Extracted review: Guaranty paper???
2025-05-21 16:49:03,050 - INFO - Found 10 reviews on current page
2025-05-21 16:49:03,050 - INFO - Extracted 0 new unique reviews from page 3, 10 duplicates removed. Total unique reviews: 10
2025-05-21 16:49:03,405 - INFO - Saved screenshot to reviews\reviews_page_3_20250521_164903.png
2025-05-21 16:49:03,451 - INFO - Found next page link using selector 'li.a-last a': https://www.amazon.in/iPhone-16-128-GB-Control/product-reviews/B0DGHZWBYB/ref=cm_cr_arp_d_paging_btm_2?ie=UTF8&pageNumber=2
2025-05-21 16:49:03,451 - INFO - Attempt 1/5: Navigating to next reviews page URL: https://www.amazon.in/iPhone-16-128-GB-Control/product-reviews/B0DGHZWBYB/ref=cm_cr_arp_d_paging_btm_2?ie=UTF8&pageNumber=2
2025-05-21 16:49:48,931 - INFO - Successfully verified reviews page using selector: #cm_cr-review_list
2025-05-21 16:49:48,931 - INFO - Extracting reviews from page 4
2025-05-21 16:49:48,988 - INFO - Found 10 reviews using selector: .review
2025-05-21 16:49:48,988 - INFO - Found 10 reviews on current page
2025-05-21 16:49:49,306 - INFO - Extracted review: Lightweight and high quality
2025-05-21 16:49:49,615 - INFO - Extracted review: Recent iPhone 16 review...!! Good buy
2025-05-21 16:49:49,892 - INFO - Extracted review: Good Phone
2025-05-21 16:49:50,182 - INFO - Extracted review: Best iPhone so far.
2025-05-21 16:49:50,517 - INFO - Extracted review: Good
2025-05-21 16:49:50,814 - INFO - Extracted review: Poor Seller Experience
2025-05-21 16:49:51,114 - INFO - Extracted review: Best one
2025-05-21 16:49:51,404 - INFO - Extracted review: Extraordinary
2025-05-21 16:49:51,695 - INFO - Extracted review: Worst packaging
2025-05-21 16:49:52,018 - INFO - Extracted review: Guaranty paper???
2025-05-21 16:49:52,018 - INFO - Found 10 reviews on current page
2025-05-21 16:49:52,026 - INFO - Extracted 0 new unique reviews from page 4, 10 duplicates removed. Total unique reviews: 10
2025-05-21 16:49:52,346 - INFO - Saved screenshot to reviews\reviews_page_4_20250521_164952.png
2025-05-21 16:49:52,393 - INFO - Found next page link using selector 'li.a-last a': https://www.amazon.in/iPhone-16-128-GB-Control/product-reviews/B0DGHZWBYB/ref=cm_cr_arp_d_paging_btm_2?ie=UTF8&pageNumber=2
2025-05-21 16:49:52,393 - INFO - Attempt 1/5: Navigating to next reviews page URL: https://www.amazon.in/iPhone-16-128-GB-Control/product-reviews/B0DGHZWBYB/ref=cm_cr_arp_d_paging_btm_2?ie=UTF8&pageNumber=2
