2025-04-26 13:00:36,345 - INFO - Starting Amazon Review Extractor
2025-04-26 13:00:36,346 - INFO - Setting up WebDriver...
2025-04-26 13:00:38,980 - INFO - WebDriver setup completed successfully
2025-04-26 13:00:38,980 - INFO - Generated reviews URL: https://www.amazon.in/product-reviews/B0DMVHWBLN
2025-04-26 13:00:38,981 - INFO - Attempt 1/5: Navigating to product reviews page URL: https://www.amazon.in/product-reviews/B0DMVHWBLN
2025-04-26 13:02:05,033 - INFO - On reviews page based on URL, though review elements not found. URL: https://www.amazon.in/ap/signin?openid.pape.max_auth_age=3600&openid.return_to=https%3A%2F%2Fwww.amazon.in%2Fproduct-reviews%2FB0DMVHWBLN&openid.identity=http%3A%2F%2Fspecs.openid.net%2Fauth%2F2.0%2Fidentifier_select&openid.assoc_handle=inflex&openid.mode=checkid_setup&language=en_IN&openid.claimed_id=http%3A%2F%2Fspecs.openid.net%2Fauth%2F2.0%2Fidentifier_select&openid.ns=http%3A%2F%2Fspecs.openid.net%2Fauth%2F2.0
2025-04-26 13:02:05,289 - INFO - Saved screenshot to reviews/reviews_page_20250426_130205.png
2025-04-26 13:02:05,290 - INFO - Starting extraction with max_pages set to: 2
2025-04-26 13:02:05,291 - INFO - Extracting reviews from page 1
2025-04-26 13:02:05,601 - WARNING - No reviews found on current page. Saved screenshot to reviews/no_reviews_found_20250426_130205.png
2025-04-26 13:02:05,631 - INFO - Saved page source to review_page_source_20250426_130205.html
2025-04-26 13:02:05,633 - INFO - Extracted 0 reviews from page 1. Total reviews: 0
2025-04-26 13:02:05,823 - INFO - Saved screenshot to reviews/reviews_page_1_20250426_130205.png
2025-04-26 13:02:05,992 - INFO - No next page button found and no indication of more pages
2025-04-26 13:02:05,993 - INFO - No more review pages available (based on pagination detection)
2025-04-26 13:02:05,994 - INFO - Completed extraction. Total pages processed: 1, max_pages requested: 2
2025-04-26 13:02:05,994 - INFO - Total reviews extracted: 0
2025-04-26 13:02:05,995 - INFO - Sentiment analysis: {'positive': 0, 'negative': 0, 'neutral': 0}
2025-04-26 13:02:05,997 - INFO - Reviews saved to: reviews\amazon_reviews_B0DMVHWBLN_20250426_130205.json with sentiment analysis: {'positive': 0, 'negative': 0, 'neutral': 0}
2025-04-26 13:02:05,998 - INFO - Reviews saved to: reviews\amazon_reviews_B0DMVHWBLN_20250426_130205.json
2025-04-26 13:02:08,169 - INFO - WebDriver closed successfully
